\BOOKMARK [0][-]{chapter.1}{\376\377\000E\000i\000n\000l\000e\000i\000t\000u\000n\000g}{}% 1
\BOOKMARK [0][-]{chapter.2}{\376\377\000H\000i\000n\000t\000e\000r\000g\000r\000u\000n\000d}{}% 2
\BOOKMARK [1][-]{section.2.1}{\376\377\000D\000e\000r\000\040\000K\000l\000i\000m\000a\000w\000a\000n\000d\000e\000l\000\040\000i\000n\000\040\000D\000e\000u\000t\000s\000c\000h\000l\000a\000n\000d}{chapter.2}% 3
\BOOKMARK [1][-]{section.2.2}{\376\377\000C\000r\000o\000w\000d\000s\000e\000n\000s\000i\000n\000g\000\040\000v\000s\000.\000\040\000C\000r\000o\000w\000d\000s\000o\000u\000r\000c\000i\000n\000g}{chapter.2}% 4
\BOOKMARK [1][-]{section.2.3}{\376\377\000V\000e\000r\000w\000a\000n\000d\000t\000e\000\040\000A\000r\000b\000e\000i\000t\000e\000n}{chapter.2}% 5
\BOOKMARK [0][-]{chapter.3}{\376\377\000K\000o\000n\000z\000e\000p\000t}{}% 6
\BOOKMARK [1][-]{section.3.1}{\376\377\000G\000r\000u\000n\000d\000g\000e\000d\000a\000n\000k\000e\000\040\000d\000e\000r\000\040\000A\000r\000b\000e\000i\000t}{chapter.3}% 7
\BOOKMARK [1][-]{section.3.2}{\376\377\000M\000e\000t\000h\000o\000d\000o\000l\000o\000g\000i\000e\000\040\000z\000u\000m\000\040\000A\000u\000f\000s\000t\000e\000l\000l\000e\000n\000\040\000d\000e\000r\000\040\000A\000n\000f\000o\000r\000d\000e\000r\000u\000n\000g\000e\000n}{chapter.3}% 8
\BOOKMARK [1][-]{section.3.3}{\376\377\000E\000r\000f\000a\000s\000s\000u\000n\000g\000\040\000d\000e\000r\000\040\000n\000o\000t\000w\000e\000n\000d\000i\000g\000e\000n\000\040\000K\000o\000m\000p\000o\000n\000e\000n\000t\000e\000n\000\040\000d\000e\000r\000\040\000S\000o\000f\000t\000w\000a\000r\000e}{chapter.3}% 9
\BOOKMARK [1][-]{section.3.4}{\376\377\000U\000m\000s\000e\000t\000z\000u\000n\000g}{chapter.3}% 10
\BOOKMARK [2][-]{subsection.3.4.1}{\376\377\000V\000o\000r\000b\000e\000r\000e\000i\000t\000u\000n\000g}{section.3.4}% 11
\BOOKMARK [2][-]{subsection.3.4.2}{\376\377\000S\000a\000m\000m\000e\000l\000n\000\040\000v\000o\000n\000\040\000E\000r\000f\000a\000h\000r\000u\000n\000g\000e\000n}{section.3.4}% 12
\BOOKMARK [2][-]{subsection.3.4.3}{\376\377\000P\000l\000a\000n\000u\000n\000g\000\040\000v\000o\000n\000\040\000V\000e\000r\000b\000e\000s\000s\000e\000r\000u\000n\000g\000s\000s\000c\000h\000r\000i\000t\000t\000e\000n}{section.3.4}% 13
\BOOKMARK [2][-]{subsection.3.4.4}{\376\377\000P\000i\000l\000o\000t\000i\000n\000g\000,\000\040\000F\000o\000l\000l\000o\000w\000-\000u\000p\000\040\000u\000n\000d\000\040\000V\000a\000l\000i\000d\000i\000e\000r\000u\000n\000g\000\040\000d\000e\000r\000\040\000V\000e\000r\000b\000e\000s\000s\000e\000r\000u\000n\000g\000s\000s\000c\000h\000r\000i\000t\000t\000e}{section.3.4}% 14
\BOOKMARK [2][-]{subsection.3.4.5}{\376\377\000A\000u\000f\000b\000e\000w\000a\000h\000r\000u\000n\000g\000\040\000d\000e\000r\000\040\000V\000e\000r\000b\000e\000s\000s\000e\000r\000u\000n\000g\000s\000s\000c\000h\000r\000i\000t\000t\000e}{section.3.4}% 15
\BOOKMARK [0][-]{chapter.4}{\376\377\000A\000n\000f\000o\000r\000d\000e\000r\000u\000n\000g\000s\000a\000n\000a\000l\000y\000s\000e}{}% 16
\BOOKMARK [1][-]{section.4.1}{\376\377\000A\000u\000s\000g\000a\000n\000g\000s\000l\000a\000g\000e\000\040\000i\000n\000\040\000B\000a\000m\000b\000e\000r\000g}{chapter.4}% 17
\BOOKMARK [2][-]{subsection.4.1.1}{\376\377\000I\000d\000e\000n\000t\000i\000f\000i\000k\000a\000t\000i\000o\000n\000\040\000d\000e\000r\000\040\000S\000t\000a\000k\000e\000h\000o\000l\000d\000e\000r}{section.4.1}% 18
\BOOKMARK [1][-]{section.4.2}{\376\377\000A\000n\000f\000o\000r\000d\000e\000r\000u\000n\000g\000e\000n}{chapter.4}% 19
\BOOKMARK [2][-]{subsection.4.2.1}{\376\377\000P\000r\000i\000o\000r\000i\000s\000i\000e\000r\000u\000n\000g}{section.4.2}% 20
\BOOKMARK [2][-]{subsection.4.2.2}{\376\377\000E\000r\000f\000a\000s\000s\000u\000n\000g}{section.4.2}% 21
\BOOKMARK [2][-]{subsection.4.2.3}{\376\377\000A\000n\000a\000l\000y\000s\000e}{section.4.2}% 22
\BOOKMARK [1][-]{section.4.3}{\376\377\000U\000s\000e\000r\000\040\000S\000t\000o\000r\000i\000e\000s}{chapter.4}% 23
\BOOKMARK [1][-]{section.4.4}{\376\377\000U\000s\000e\000\040\000C\000a\000s\000e\000s}{chapter.4}% 24
\BOOKMARK [0][-]{chapter.5}{\376\377\000I\000m\000p\000l\000e\000m\000e\000n\000t\000i\000e\000r\000u\000n\000g\000\040\000u\000n\000d\000\040\000D\000e\000s\000i\000g\000n}{}% 25
\BOOKMARK [1][-]{section.5.1}{\376\377\000C\000o\000n\000t\000a\000i\000n\000e\000r\000v\000i\000r\000t\000u\000a\000l\000i\000s\000i\000e\000r\000u\000n\000g\000\040\000m\000i\000t\000\040\000D\000o\000c\000k\000e\000r}{chapter.5}% 26
\BOOKMARK [1][-]{section.5.2}{\376\377\000A\000r\000c\000h\000i\000t\000e\000k\000t\000u\000r\000\040\000f\000\374\000r\000\040\000d\000a\000s\000\040\000F\000r\000o\000n\000t\000-\000E\000n\000d}{chapter.5}% 27
\BOOKMARK [1][-]{section.5.3}{\376\377\000A\000r\000c\000h\000i\000t\000e\000k\000t\000u\000r\000\040\000f\000\374\000r\000\040\000d\000a\000s\000\040\000B\000a\000c\000k\000-\000E\000n\000d}{chapter.5}% 28
\BOOKMARK [0][-]{chapter.6}{\376\377\000D\000i\000s\000k\000u\000s\000s\000i\000o\000n\000\040\000u\000n\000d\000\040\000E\000v\000a\000l\000u\000a\000t\000i\000o\000n}{}% 29
\BOOKMARK [1][-]{section.6.1}{\376\377\000E\000r\000f\000\374\000l\000l\000e\000n\000\040\000d\000e\000r\000\040\000A\000n\000f\000o\000r\000d\000e\000r\000u\000n\000g\000e\000n}{chapter.6}% 30
\BOOKMARK [1][-]{section.6.2}{\376\377\000E\000v\000a\000l\000u\000a\000t\000i\000o\000n\000\040\000d\000e\000s\000\040\000P\000r\000o\000j\000e\000k\000t\000s}{chapter.6}% 31
\BOOKMARK [1][-]{section.6.3}{\376\377\000E\000v\000a\000l\000u\000a\000t\000i\000o\000n\000\040\000d\000e\000r\000\040\000Z\000u\000s\000a\000m\000m\000e\000n\000a\000r\000b\000e\000i\000t\000\040\000m\000i\000t\000\040\000d\000e\000n\000\040\000S\000t\000a\000k\000e\000h\000o\000l\000d\000e\000r\000n}{chapter.6}% 32
\BOOKMARK [1][-]{section.6.4}{\376\377\000E\000v\000a\000l\000u\000a\000t\000i\000o\000n\000\040\000a\000u\000f\000\040\000G\000r\000u\000n\000d\000l\000a\000g\000e\000\040\000d\000e\000r\000\040\000L\000i\000t\000e\000r\000a\000t\000u\000r}{chapter.6}% 33
\BOOKMARK [1][-]{section.6.5}{\376\377\000L\000i\000m\000i\000t\000a\000t\000i\000o\000n\000e\000n\000\040\000d\000e\000r\000\040\000A\000r\000b\000e\000i\000t}{chapter.6}% 34
\BOOKMARK [0][-]{chapter.7}{\376\377\000F\000a\000z\000i\000t\000\040\000u\000n\000d\000\040\000A\000u\000s\000b\000l\000i\000c\000k}{}% 35
\BOOKMARK [0][-]{appendix.A}{\376\377\000A\000n\000f\000o\000r\000d\000e\000r\000u\000n\000g\000e\000n}{}% 36
\BOOKMARK [0][-]{appendix.B}{\376\377\000D\000o\000c\000k\000e\000r\000\040\000C\000o\000m\000p\000o\000s\000e}{}% 37
\BOOKMARK [0][-]{appendix*.27}{\376\377\000L\000i\000t\000e\000r\000a\000t\000u\000r\000v\000e\000r\000z\000e\000i\000c\000h\000n\000i\000s}{}% 38
\BOOKMARK [0][-]{appendix*.28}{\376\377\000E\000i\000d\000e\000s\000s\000t\000a\000t\000t\000l\000i\000c\000h\000e\000\040\000E\000r\000k\000l\000\344\000r\000u\000n\000g}{}% 39
