This is LuaHBTeX, Version 1.17.0 (MiKTeX 23.5) (format=lualatex 2023.6.27)  30 AUG 2023 16:02
 restricted system commands enabled.
 file:line:error style messages enabled.
**c:/Users/samet/git/MasterThesis/doc/main.tex
(c:/Users/samet/git/MasterThesis/doc/main.tex
LaTeX2e <2023-06-01> patch level 1
L3 programming layer <2023-06-16>
Lua module: luaotfload 2022-10-03 3.23 Lua based OpenType font support
Lua module: lualibs 2022-10-04 2.75 ConTeXt Lua standard libraries.
Lua module: lualibs-extended 2022-10-04 2.75 ConTeXt Lua libraries -- extended c
ollection.
luaotfload | conf : Root cache directory is "C:/Users/samet/AppData/Local/MiKTeX
/luatex-cache/generic/names".
luaotfload | init : Loading fontloader "fontloader-2022-10-03.lua" from kpse-res
olved path "C:/Program Files/MiKTeX/tex/luatex/luaotfload/fontloader-2022-10-03.
lua".
Lua-only attribute luaotfload@noligature = 1
luaotfload | init : Context OpenType loader version 3.120
Inserting `luaotfload.node_processor' in `pre_linebreak_filter'.
Inserting `luaotfload.node_processor' in `hpack_filter'.
Inserting `luaotfload.glyph_stream' in `glyph_stream_provider'.
Inserting `luaotfload.define_font' in `define_font'.
Lua-only attribute luaotfload_color_attribute = 2
luaotfload | conf : Root cache directory is "C:/Users/samet/AppData/Local/MiKTeX
/luatex-cache/generic/names".
Inserting `luaotfload.harf.strip_prefix' in `find_opentype_file'.
Inserting `luaotfload.harf.strip_prefix' in `find_truetype_file'.
Removing  `luaotfload.glyph_stream' from `glyph_stream_provider'.
Inserting `luaotfload.harf.glyphstream' in `glyph_stream_provider'.
Inserting `luaotfload.harf.finalize_vlist' in `post_linebreak_filter'.
Inserting `luaotfload.harf.finalize_hlist' in `hpack_filter'.
Inserting `luaotfload.cleanup_files' in `wrapup_run'.
Inserting `luaotfload.harf.finalize_unicode' in `finish_pdffile'.
Inserting `luaotfload.glyphinfo' in `glyph_info'.
Lua-only attribute luaotfload.letterspace_done = 3
Inserting `luaotfload.aux.set_sscale_dimens' in `luaotfload.patch_font'.
Inserting `luaotfload.aux.set_font_index' in `luaotfload.patch_font'.
Inserting `luaotfload.aux.patch_cambria_domh' in `luaotfload.patch_font'.
Inserting `luaotfload.aux.fixup_fontdata' in `luaotfload.patch_font_unsafe'.
Inserting `luaotfload.aux.set_capheight' in `luaotfload.patch_font'.
Inserting `luaotfload.aux.set_xheight' in `luaotfload.patch_font'.
Inserting `luaotfload.rewrite_fontname' in `luaotfload.patch_font'.
Inserting `tracingstacklevels' in `input_level_string'. (./PSIThesis.cls
Document Class: PSIThesis 2020/08/25
("C:/Program Files/MiKTeX/tex/latex/etoolbox/etoolbox.sty"
Package: etoolbox 2020/10/05 v2.5k e-TeX tools for LaTeX (JAW)
\etb@tempcnta=\count183
)
("C:/Program Files/MiKTeX/tex/latex/l3packages/xparse/xparse.sty"
("C:/Program Files/MiKTeX/tex/latex/l3kernel/expl3.sty"
Package: expl3 2023-06-16 L3 programming layer (loader) 

("C:/Program Files/MiKTeX/tex/latex/l3backend/l3backend-luatex.def"
File: l3backend-luatex.def 2023-04-19 L3 backend support: PDF output (LuaTeX)
\l__color_backend_stack_int=\count184
Inserting `l3color' in `luaotfload.parse_color'.
\l__pdf_internal_box=\box51
))
Package: xparse 2023-02-02 L3 Experimental document command parser
)
("C:/Program Files/MiKTeX/tex/latex/base/book.cls"
Document Class: book 2023/05/17 v1.4n Standard LaTeX document class
("C:/Program Files/MiKTeX/tex/latex/base/bk11.clo"
File: bk11.clo 2023/05/17 v1.4n Standard LaTeX file (size option)
luaotfload | db : Font names database loaded from C:/Users/samet/AppData/Local/M
iKTeX/luatex-cache/generic/names/luaotfload-names.luc.gz)
\c@part=\count185
\c@chapter=\count186
\c@section=\count187
\c@subsection=\count188
\c@subsubsection=\count189
\c@paragraph=\count190
\c@subparagraph=\count191
\c@figure=\count192
\c@table=\count193
\abovecaptionskip=\skip48
\belowcaptionskip=\skip49
\bibindent=\dimen139
)
(C:/Users/samet/AppData/Roaming/MiKTeX/tex/latex/parskip/parskip.sty
Package: parskip 2021-03-14 v2.0h non-zero parskip adjustments

(C:/Users/samet/AppData/Roaming/MiKTeX/tex/latex/kvoptions/kvoptions.sty
Package: kvoptions 2022-06-15 v3.15 Key value format for package options (HO)

("C:/Program Files/MiKTeX/tex/latex/graphics/keyval.sty"
Package: keyval 2022/05/29 v1.15 key=value parser (DPC)
\KV@toks@=\toks17
)
(C:/Users/samet/AppData/Roaming/MiKTeX/tex/generic/ltxcmds/ltxcmds.sty
Package: ltxcmds 2020-05-10 v1.25 LaTeX kernel commands for general use (HO)
)
(C:/Users/samet/AppData/Roaming/MiKTeX/tex/latex/kvsetkeys/kvsetkeys.sty
Package: kvsetkeys 2022-10-05 v1.19 Key value parser (HO)
)))
("C:/Program Files/MiKTeX/tex/generic/babel/babel.sty"
Package: babel 2023/05/11 v3.89 The Babel package

("C:/Program Files/MiKTeX/tex/generic/babel/luababel.def"
\bbl@readstream=\read2
\l@afrikaans=\language2
Package babel Info: Non-standard hyphenation setup on input line 118.
\l@ancientgreek=\language3
\l@armenian=\language4
\l@assamese=\language5
\l@basque=\language6
\l@belarusian=\language7
\l@bengali=\language8
\l@bokmal=\language9
\l@bulgarian=\language10
\l@catalan=\language11
\l@churchslavonic=\language12
\l@classiclatin=\language13
\l@coptic=\language14
\l@croatian=\language15
\l@czech=\language16
\l@danish=\language17
\l@dutch=\language18
\l@esperanto=\language19
\l@estonian=\language20
\l@ethiopic=\language21
\l@finnish=\language22
\l@french=\language23
\l@friulan=\language24
\l@galician=\language25
\l@georgian=\language26
\l@german=\language27
\l@greek=\language28
\l@gujarati=\language29
\l@hindi=\language30
\l@hungarian=\language31
\l@icelandic=\language32
\l@indonesian=\language33
\l@interlingua=\language34
\l@irish=\language35
\l@italian=\language36
\l@kannada=\language37
\l@kurmanji=\language38
\l@latin=\language39
\l@latvian=\language40
\l@lithuanian=\language41
\l@liturgicallatin=\language42
\l@macedonian=\language43
\l@malayalam=\language44
\l@marathi=\language45
\l@mongolian=\language46
\l@mongolianlmc=\language47
\l@monogreek=\language48
\l@ngerman=\language49
\l@nynorsk=\language50
\l@occitan=\language51
\l@oriya=\language52
\l@pali=\language53
\l@panjabi=\language54
\l@piedmontese=\language55
\l@polish=\language56
\l@portuguese=\language57
\l@romanian=\language58
\l@romansh=\language59
\l@russian=\language60
\l@sanskrit=\language61
\l@serbian=\language62
\l@serbianc=\language63
\l@slovak=\language64
\l@slovenian=\language65
\l@spanish=\language66
\l@swedish=\language67
\l@swissgerman=\language68
\l@tamil=\language69
\l@telugu=\language70
\l@thai=\language71
\l@turkish=\language72
\l@turkmen=\language73
\l@ukenglish=\language74
\l@ukrainian=\language75
\l@uppersorbian=\language76
\l@usenglishmax=\language77
\l@welsh=\language78
\babelcatcodetablenum=\catcodetable14
\bbl@pattcodes=\catcodetable15
)
\babel@savecnt=\count194
\U@D=\dimen140
\l@unhyphenated=\language79

("C:/Program Files/MiKTeX/tex/generic/babel/luababel.def"
\bbl@attr@locale=\attribute4
)
*************************************
* Local config file bblopts.cfg used
*
("C:/Program Files/MiKTeX/tex/latex/arabi/bblopts.cfg"
File: bblopts.cfg 2005/09/08 v0.1 add Arabic and Farsi to "declared" options of
 babel
)
(C:/Users/samet/AppData/Roaming/MiKTeX/tex/latex/babel-german/ngerman.ldf
Language: ngerman 2021/02/27 v2.13 German support for babel (post-1996 orthogra
phy)

(C:/Users/samet/AppData/Roaming/MiKTeX/tex/latex/babel-german/ngermanb.ldf
Language: ngermanb 2021/02/27 v2.13 German support for babel (post-1996 orthogr
aphy)
Package babel Info: Making " an active character on input line 122.

("C:/Program Files/MiKTeX/tex/generic/hyph-utf8/loadhyph/loadhyph-de-1996.tex"
UTF-8 German hyphenation patterns (reformed orthography)
("C:/Program Files/MiKTeX/tex/generic/hyph-utf8/patterns/tex/hyph-de-1996.tex"
German Hyphenation Patterns (Reformed Orthography, 2006) `dehyphn-x' 2021-02-26
 (WL))))) ("C:/Program Files/MiKTeX/tex/latex/babel-english/english.ldf"
Language: english 2017/06/06 v3.3r English support from the babel system
Package babel Info: Hyphen rules for 'canadian' set to \l@english
(babel)             (\language0). Reported on input line 102.
Package babel Info: Hyphen rules for 'australian' set to \l@ukenglish
(babel)             (\language74). Reported on input line 105.
Package babel Info: Hyphen rules for 'newzealand' set to \l@ukenglish
(babel)             (\language74). Reported on input line 108.
)

Package babel Warning: Last declared language option is 'ngerman',
(babel)                but the last processed one was 'english'.
(babel)                The main language can't be set as both a global
(babel)                and a package option. Use 'main=ngerman' as
(babel)                option. Reported on input line 4231.

) ("C:/Program Files/MiKTeX/tex/generic/babel/locale/en/babel-english.tex"
Package babel Info: Importing font and identification data for english
(babel)             from babel-en.ini. Reported on input line 11.
)
("C:/Program Files/MiKTeX/tex/generic/babel/locale/de/babel-ngerman.tex"
Package babel Info: Importing font and identification data for ngerman
(babel)             from babel-de.ini. Reported on input line 11.
)
(C:/Users/samet/AppData/Roaming/MiKTeX/tex/latex/koma-script/scrbase.sty
Package: scrbase 2023/04/24 v3.40 KOMA-Script package (KOMA-Script-independent 
basics and keyval usage)

(C:/Users/samet/AppData/Roaming/MiKTeX/tex/latex/koma-script/scrlfile.sty
Package: scrlfile 2023/04/24 v3.40 KOMA-Script package (file load hooks)

(C:/Users/samet/AppData/Roaming/MiKTeX/tex/latex/koma-script/scrlfile-hook.sty
Package: scrlfile-hook 2023/04/24 v3.40 KOMA-Script package (using LaTeX hooks)


(C:/Users/samet/AppData/Roaming/MiKTeX/tex/latex/koma-script/scrlogo.sty
Package: scrlogo 2023/04/24 v3.40 KOMA-Script package (logo)
)))
Applying: [2021/05/01] Usage of raw or classic option list on input line 252.
Already applied: [0000/00/00] Usage of raw or classic option list on input line
 368.
)
(C:/Users/samet/AppData/Roaming/MiKTeX/tex/latex/koma-script/scrhack.sty
Package: scrhack 2023/04/24 v3.40 KOMA-Script package (hacking other packages)

(C:/Users/samet/AppData/Roaming/MiKTeX/tex/latex/koma-script/scrkbase.sty
Package: scrkbase 2023/04/24 v3.40 KOMA-Script package (KOMA-Script-dependent b
asics and keyval usage)
)
(C:/Users/samet/AppData/Roaming/MiKTeX/tex/latex/xpatch/xpatch.sty
Package: xpatch 2020/03/25 v0.3a Extending etoolbox patching commands
))
(C:/Users/samet/AppData/Roaming/MiKTeX/tex/latex/setspace/setspace.sty
Package: setspace 2022/12/04 v6.7b set line spacing
)
Package scrhack Info: loading setspace hack on input line 204.

(C:/Users/samet/AppData/Roaming/MiKTeX/tex/latex/koma-script/setspace.hak
File: setspace.hak 2023/04/24 v3.40 KOMA-Script scrhack part (hacking package s
etspace)
)
("C:/Program Files/MiKTeX/tex/latex/tools/longtable.sty"
Package: longtable 2021-09-01 v4.17 Multi-page Table package (DPC)
\LTleft=\skip50
\LTright=\skip51
\LTpre=\skip52
\LTpost=\skip53
\LTchunksize=\count195
\LTcapwidth=\dimen141
\LT@head=\box52
\LT@firsthead=\box53
\LT@foot=\box54
\LT@lastfoot=\box55
\LT@gbox=\box56
\LT@cols=\count196
\LT@rows=\count197
\c@LT@tables=\count198
\c@LT@chunks=\count199
\LT@p@ftn=\toks18
)
(C:/Users/samet/AppData/Roaming/MiKTeX/tex/latex/siunitx/siunitx.sty
Package: siunitx 2023-06-12 v3.2.6 A comprehensive (SI) units package
\l__siunitx_angle_tmp_dim=\dimen142
\l__siunitx_angle_marker_box=\box57
\l__siunitx_angle_unit_box=\box58
\l__siunitx_compound_count_int=\count266

(C:/Users/samet/AppData/Roaming/MiKTeX/tex/latex/translations/translations.sty
Package: translations 2022/02/05 v1.12 internationalization of LaTeX2e packages
 (CN)

("C:/Program Files/MiKTeX/tex/generic/pdftexcmds/pdftexcmds.sty"
Package: pdftexcmds 2020-06-27 v0.33 Utility functions of pdfTeX for LuaTeX (HO
)

(C:/Users/samet/AppData/Roaming/MiKTeX/tex/generic/infwarerr/infwarerr.sty
Package: infwarerr 2019/12/03 v1.5 Providing info/warning/error messages (HO)
)
("C:/Program Files/MiKTeX/tex/generic/iftex/iftex.sty"
Package: iftex 2022/02/03 v1.0f TeX engine tests
)
Package pdftexcmds Info: \pdf@primitive is available.
Package pdftexcmds Info: \pdf@ifprimitive is available.
Package pdftexcmds Info: \pdfdraftmode found.
\pdftexcmds@toks=\toks19
))
\l__siunitx_number_exponent_fixed_int=\count267
\l__siunitx_number_min_decimal_int=\count268
\l__siunitx_number_min_integer_int=\count269
\l__siunitx_number_round_precision_int=\count270
\l__siunitx_number_lower_threshold_int=\count271
\l__siunitx_number_upper_threshold_int=\count272
\l__siunitx_number_group_first_int=\count273
\l__siunitx_number_group_size_int=\count274
\l__siunitx_number_group_minimum_int=\count275

("C:/Program Files/MiKTeX/tex/latex/amsmath/amstext.sty"
Package: amstext 2021/08/26 v2.01 AMS text

("C:/Program Files/MiKTeX/tex/latex/amsmath/amsgen.sty"
File: amsgen.sty 1999/11/30 v2.0 generic functions
\@emptytoks=\toks20
\ex@=\dimen143
))
\l__siunitx_table_tmp_box=\box59
\l__siunitx_table_tmp_dim=\dimen144
\l__siunitx_table_column_width_dim=\dimen145
\l__siunitx_table_integer_box=\box60
\l__siunitx_table_decimal_box=\box61
\l__siunitx_table_uncert_box=\box62
\l__siunitx_table_before_box=\box63
\l__siunitx_table_after_box=\box64
\l__siunitx_table_before_dim=\dimen146
\l__siunitx_table_carry_dim=\dimen147
\l__siunitx_unit_tmp_int=\count276
\l__siunitx_unit_position_int=\count277
\l__siunitx_unit_total_int=\count278

("C:/Program Files/MiKTeX/tex/latex/tools/array.sty"
Package: array 2022/09/04 v2.5g Tabular extension package (FMi)
\col@sep=\dimen148
\ar@mcellbox=\box65
\extrarowheight=\dimen149
\NC@list=\toks21
\extratabsurround=\skip54
\backup@length=\skip55
\ar@cellbox=\box66
))
("C:/Program Files/MiKTeX/tex/latex/graphics/graphicx.sty"
Package: graphicx 2021/09/16 v1.2d Enhanced LaTeX Graphics (DPC,SPQR)

("C:/Program Files/MiKTeX/tex/latex/graphics/graphics.sty"
Package: graphics 2022/03/10 v1.4e Standard LaTeX Graphics (DPC,SPQR)

("C:/Program Files/MiKTeX/tex/latex/graphics/trig.sty"
Package: trig 2021/08/11 v1.11 sin cos tan (DPC)
)
("C:/Program Files/MiKTeX/tex/latex/graphics-cfg/graphics.cfg"
File: graphics.cfg 2016/06/04 v1.11 sample graphics configuration
)
Package graphics Info: Driver file: luatex.def on input line 107.

("C:/Program Files/MiKTeX/tex/latex/graphics-def/luatex.def"
File: luatex.def 2022/09/22 v1.2d Graphics/color driver for luatex
))
\Gin@req@height=\dimen150
\Gin@req@width=\dimen151
)
(C:/Users/samet/AppData/Roaming/MiKTeX/tex/latex/booktabs/booktabs.sty
Package: booktabs 2020/01/12 v1.61803398 Publication quality tables
\heavyrulewidth=\dimen152
\lightrulewidth=\dimen153
\cmidrulewidth=\dimen154
\belowrulesep=\dimen155
\belowbottomsep=\dimen156
\aboverulesep=\dimen157
\abovetopsep=\dimen158
\cmidrulesep=\dimen159
\cmidrulekern=\dimen160
\defaultaddspace=\dimen161
\@cmidla=\count279
\@cmidlb=\count280
\@aboverulesep=\dimen162
\@belowrulesep=\dimen163
\@thisruleclass=\count281
\@lastruleclass=\count282
\@thisrulewidth=\dimen164
)
(C:/Users/samet/AppData/Roaming/MiKTeX/tex/latex/caption/caption.sty
Package: caption 2023/03/12 v3.6j Customizing captions (AR)

(C:/Users/samet/AppData/Roaming/MiKTeX/tex/latex/caption/caption3.sty
Package: caption3 2023/03/12 v2.4 caption3 kernel (AR)
\caption@tempdima=\dimen165
\captionmargin=\dimen166
\caption@leftmargin=\dimen167
\caption@rightmargin=\dimen168
\caption@width=\dimen169
\caption@indent=\dimen170
\caption@parindent=\dimen171
\caption@hangindent=\dimen172
Package caption Info: Standard document class detected.
)
\c@caption@flags=\count283
\c@continuedfloat=\count284
Package caption Info: longtable package is loaded.

(C:/Users/samet/AppData/Roaming/MiKTeX/tex/latex/caption/ltcaption.sty
Package: ltcaption 2021/01/08 v1.4c longtable captions (AR)
))
("C:/Program Files/MiKTeX/tex/latex/xcolor/xcolor.sty"
Package: xcolor 2022/06/12 v2.14 LaTeX color extensions (UK)

("C:/Program Files/MiKTeX/tex/latex/graphics-cfg/color.cfg"
File: color.cfg 2016/01/02 v1.6 sample color configuration
)
Package xcolor Info: Driver file: luatex.def on input line 227.

("C:/Program Files/MiKTeX/tex/latex/graphics/mathcolor.ltx")
Package xcolor Info: Model `cmy' substituted by `cmy0' on input line 1353.
Package xcolor Info: Model `hsb' substituted by `rgb' on input line 1357.
Package xcolor Info: Model `RGB' extended on input line 1369.
Package xcolor Info: Model `HTML' substituted by `rgb' on input line 1371.
Package xcolor Info: Model `Hsb' substituted by `hsb' on input line 1372.
Package xcolor Info: Model `tHsb' substituted by `hsb' on input line 1373.
Package xcolor Info: Model `HSB' substituted by `hsb' on input line 1374.
Package xcolor Info: Model `Gray' substituted by `gray' on input line 1375.
Package xcolor Info: Model `wave' substituted by `hsb' on input line 1376.
)
(C:/Users/samet/AppData/Roaming/MiKTeX/tex/latex/geometry/geometry.sty
Package: geometry 2020/01/02 v5.9 Page Geometry

("C:/Program Files/MiKTeX/tex/generic/iftex/ifvtex.sty"
Package: ifvtex 2019/10/25 v1.7 ifvtex legacy package. Use iftex instead.
)
\Gm@cnth=\count285
\Gm@cntv=\count286
\c@Gm@tempcnt=\count287
\Gm@bindingoffset=\dimen173
\Gm@wd@mp=\dimen174
\Gm@odd@mp=\dimen175
\Gm@even@mp=\dimen176
\Gm@layoutwidth=\dimen177
\Gm@layoutheight=\dimen178
\Gm@layouthoffset=\dimen179
\Gm@layoutvoffset=\dimen180
\Gm@dimlist=\toks22

(C:/Users/samet/AppData/Roaming/MiKTeX/tex/latex/geometry/geometry.cfg))
(C:/Users/samet/AppData/Roaming/MiKTeX/tex/latex/koma-script/scrlayer-scrpage.s
ty
Package: scrlayer-scrpage 2023/04/24 v3.40 KOMA-Script package (end user interf
ace for scrlayer)
 (C:/Users/samet/AppData/Roaming/MiKTeX/tex/latex/koma-script/scrlayer.sty
Package: scrlayer 2023/04/24 v3.40 KOMA-Script package (defining layers and pag
e styles)
\footheight=\skip56
Package scrlayer Info: patching LaTeX kernel macro \pagestyle on input line 217
6.
)
Package scrbase Info: Unknown processing state.
(scrbase)             Processing option `markcase=used'
(scrbase)             of member `.scrlayer-scrpage.sty' of family
(scrbase)             `KOMA' doesn't set
(scrbase)             a valid state. This will be interpreted
(scrbase)             as \FamilyKeyStateProcessed on input line 640.
)
1: chapter
1: chapter
1: section
) (./misc/setup.tex
(C:/Users/samet/AppData/Roaming/MiKTeX/tex/lualatex/luainputenc/luainputenc.sty
Package: luainputenc 2010/11/19 v0.973 inputenc package for LuaTeX
("C:/Program Files/MiKTeX/tex/generic/iftex/ifluatex.sty"
Package: ifluatex 2019/10/25 v1.5 ifluatex legacy package. Use iftex instead.
)
("C:/Program Files/MiKTeX/tex/generic/iftex/ifxetex.sty"
Package: ifxetex 2019/10/25 v0.7 ifxetex legacy package. Use iftex instead.
)
(C:/Users/samet/AppData/Roaming/MiKTeX/tex/luatex/luatexbase/luatexbase.sty
Package: luatexbase 2015/10/04 v1.3 luatexbase interface to LuaTeX 

(C:/Users/samet/AppData/Roaming/MiKTeX/tex/luatex/ctablestack/ctablestack.sty
Package: ctablestack 2015/10/01 v1.0 Catcode table stable support
\@catcodetablestackcnt=\count288
)
\CatcodeTableOther=\catcodetable16
\CatcodeTableExpl=\catcodetable17
)
Lua module: luainputenc 2010/05/10 0.97 Lua simple inputenc package.
\inpenc@prehook=\toks23
\inpenc@posthook=\toks24
(C:/Users/samet/AppData/Roaming/MiKTeX/tex/lualatex/luainputenc/lutf8.def
File: lutf8.def 2010/05/10 v0.97 UTF-8 support for luainputenc
Now handling font encoding OML ...
... no UTF-8 mapping file for font encoding OML
Now handling font encoding OMS ...
... processing UTF-8 mapping file for font encodingOMS

("C:/Program Files/MiKTeX/tex/latex/base/omsenc.dfu"
File: omsenc.dfu 2022/06/07 v1.3c UTF-8 support
)
Now handling font encoding OT1 ...
... processing UTF-8 mapping file for font encodingOT1

("C:/Program Files/MiKTeX/tex/latex/base/ot1enc.dfu"
File: ot1enc.dfu 2022/06/07 v1.3c UTF-8 support
)
Now handling font encoding T1 ...
... processing UTF-8 mapping file for font encodingT1

("C:/Program Files/MiKTeX/tex/latex/base/t1enc.dfu"
File: t1enc.dfu 2022/06/07 v1.3c UTF-8 support
)
Now handling font encoding TS1 ...
... processing UTF-8 mapping file for font encodingTS1

("C:/Program Files/MiKTeX/tex/latex/base/ts1enc.dfu"
File: ts1enc.dfu 2022/06/07 v1.3c UTF-8 support
)
Now handling font encoding TU ...
... no UTF-8 mapping file for font encoding TU
Now handling font encoding OMX ...
... no UTF-8 mapping file for font encoding OMX
Now handling font encoding U ...
... no UTF-8 mapping file for font encoding U
))
("C:/Program Files/MiKTeX/tex/latex/amsfonts/amssymb.sty"
Package: amssymb 2013/01/14 v3.01 AMS font symbols

("C:/Program Files/MiKTeX/tex/latex/amsfonts/amsfonts.sty"
Package: amsfonts 2013/01/14 v3.01 Basic AMSFonts support
\symAMSa=\mathgroup4
\symAMSb=\mathgroup5
LaTeX Font Info:    Redeclaring math symbol \hbar on input line 98.
LaTeX Font Info:    Overwriting math alphabet `\mathfrak' in version `bold'
(Font)                  U/euf/m/n --> U/euf/b/n on input line 106.
))
(C:/Users/samet/AppData/Roaming/MiKTeX/tex/latex/newtx/newtxmath.sty
Package: newtxmath 2022/01/16 v1.71

`newtxmath' v1.71, 2022/01/16 Math macros based originally on txfonts (msharpe)
("C:/Program Files/MiKTeX/tex/latex/amsmath/amsmath.sty"
Package: amsmath 2023/05/13 v2.17o AMS math features
\@mathmargin=\skip57

For additional information on amsmath, use the `?' option.
("C:/Program Files/MiKTeX/tex/latex/amsmath/amsbsy.sty"
Package: amsbsy 1999/11/29 v1.2d Bold Symbols
\pmbraise@=\dimen181
)
("C:/Program Files/MiKTeX/tex/latex/amsmath/amsopn.sty"
Package: amsopn 2022/04/08 v2.04 operator names
)
\inf@bad=\count289
LaTeX Info: Redefining \frac on input line 236.
\uproot@=\count290
\leftroot@=\count291
LaTeX Info: Redefining \overline on input line 399.
LaTeX Info: Redefining \colon on input line 410.
\classnum@=\count292
\DOTSCASE@=\count293
LaTeX Info: Redefining \ldots on input line 496.
LaTeX Info: Redefining \dots on input line 499.
LaTeX Info: Redefining \cdots on input line 620.
\Mathstrutbox@=\box67
\strutbox@=\box68
LaTeX Info: Redefining \big on input line 722.
LaTeX Info: Redefining \Big on input line 723.
LaTeX Info: Redefining \bigg on input line 724.
LaTeX Info: Redefining \Bigg on input line 725.
\big@size=\dimen182
LaTeX Font Info:    RedeclaringfontencodingOML on input line 743.
LaTeX Font Info:    RedeclaringfontencodingOMS on input line 744.
\macc@depth=\count294
LaTeX Info: Redefining \bmod on input line 905.
LaTeX Info: Redefining \pmod on input line 910.
LaTeX Info: Redefining \smash on input line 940.
LaTeX Info: Redefining \relbar on input line 970.
LaTeX Info: Redefining \Relbar on input line 971.
\c@MaxMatrixCols=\count295
\dotsspace@=\muskip16
\c@parentequation=\count296
\dspbrk@lvl=\count297
\tag@help=\toks25
\row@=\count298
\column@=\count299
\maxfields@=\count300
\andhelp@=\toks26
\eqnshift@=\dimen183
\alignsep@=\dimen184
\tagshift@=\dimen185
\tagwidth@=\dimen186
\totwidth@=\dimen187
\lineht@=\dimen188
\@envbody=\toks27
\multlinegap=\skip58
\multlinetaggap=\skip59
\mathdisplay@stack=\toks28
LaTeX Info: Redefining \[ on input line 2953.
LaTeX Info: Redefining \] on input line 2954.
)
("C:/Program Files/MiKTeX/tex/latex/base/ifthen.sty"
Package: ifthen 2022/04/13 v1.1d Standard LaTeX ifthen package (DPC)
)
("C:/Program Files/MiKTeX/tex/latex/xkeyval/xkeyval.sty"
Package: xkeyval 2022/06/16 v2.9 package option processing (HA)

("C:/Program Files/MiKTeX/tex/generic/xkeyval/xkeyval.tex"
("C:/Program Files/MiKTeX/tex/generic/xkeyval/xkvutils.tex"
\XKV@toks=\toks29
\XKV@tempa@toks=\toks30
)
\XKV@depth=\count301
File: xkeyval.tex 2014/12/03 v2.7a key=value parser (HA)
))
("C:/Program Files/MiKTeX/tex/latex/oberdiek/centernot.sty"
Package: centernot 2016/05/16 v1.4 Centers the not symbol horizontally (HO)
)
\tx@cntz=\count302

(C:/Users/samet/AppData/Roaming/MiKTeX/tex/generic/binhex/binhex.tex)
\tx@Isdigit=\count303
\tx@IsAlNum=\count304
\tx@tA=\toks31
\tx@tB=\toks32
\tx@su=\read3

amsthm NOT loaded
LaTeX Font Info:    Redeclaring symbol font `operators' on input line 376.
LaTeX Font Info:    Overwriting symbol font `operators' in version `normal'
(Font)                  OT1/cmr/m/n --> OT1/lmr/m/n on input line 376.
LaTeX Font Info:    Overwriting symbol font `operators' in version `bold'
(Font)                  OT1/cmr/bx/n --> OT1/lmr/m/n on input line 376.
LaTeX Font Info:    Overwriting symbol font `operators' in version `bold'
(Font)                  OT1/lmr/m/n --> OT1/lmr/b/n on input line 377.
LaTeX Font Info:    Redeclaring math alphabet \mathsf on input line 383.
LaTeX Font Info:    Overwriting math alphabet `\mathsf' in version `normal'
(Font)                  OT1/cmss/m/n --> TU/lmss/m/n on input line 383.
LaTeX Font Info:    Overwriting math alphabet `\mathsf' in version `bold'
(Font)                  OT1/cmss/bx/n --> TU/lmss/m/n on input line 383.
LaTeX Font Info:    Redeclaring math alphabet \mathit on input line 384.
LaTeX Font Info:    Overwriting math alphabet `\mathit' in version `normal'
(Font)                  OT1/cmr/m/it --> OT1/lmr/m/it on input line 384.
LaTeX Font Info:    Overwriting math alphabet `\mathit' in version `bold'
(Font)                  OT1/cmr/bx/it --> OT1/lmr/m/it on input line 384.
LaTeX Font Info:    Redeclaring math alphabet \mathtt on input line 385.
LaTeX Font Info:    Overwriting math alphabet `\mathtt' in version `normal'
(Font)                  OT1/cmtt/m/n --> TU/lmtt/m/n on input line 385.
LaTeX Font Info:    Overwriting math alphabet `\mathtt' in version `bold'
(Font)                  OT1/cmtt/m/n --> TU/lmtt/m/n on input line 385.
LaTeX Font Info:    Redeclaring math alphabet \mathbf on input line 387.
LaTeX Font Info:    Overwriting math alphabet `\mathbf' in version `normal'
(Font)                  OT1/cmr/bx/n --> OT1/lmr/b/n on input line 387.
LaTeX Font Info:    Overwriting math alphabet `\mathbf' in version `bold'
(Font)                  OT1/cmr/bx/n --> OT1/lmr/b/n on input line 387.
LaTeX Font Info:    Overwriting math alphabet `\mathit' in version `bold'
(Font)                  OT1/lmr/m/it --> OT1/lmr/b/it on input line 388.
LaTeX Font Info:    Overwriting math alphabet `\mathsf' in version `bold'
(Font)                  TU/lmss/m/n --> TU/lmss/b/n on input line 389.
LaTeX Font Info:    Overwriting math alphabet `\mathtt' in version `bold'
(Font)                  TU/lmtt/m/n --> TU/lmtt/b/n on input line 390.
LaTeX Font Info:    Redeclaring symbol font `letters' on input line 443.
LaTeX Font Info:    Overwriting symbol font `letters' in version `normal'
(Font)                  OML/cmm/m/it --> OML/zcochmi/m/it on input line 443.
LaTeX Font Info:    Overwriting symbol font `letters' in version `bold'
(Font)                  OML/cmm/b/it --> OML/zcochmi/m/it on input line 443.
LaTeX Font Info:    Overwriting symbol font `letters' in version `bold'
(Font)                  OML/zcochmi/m/it --> OML/zcochmi/b/it on input line 444
.
\symlettersA=\mathgroup6
LaTeX Font Info:    Overwriting symbol font `lettersA' in version `bold'
(Font)                  U/ntxmia/m/it --> U/ntxmia/b/it on input line 547.
LaTeX Font Info:    Redeclaring math alphabet \mathfrak on input line 549.
NowhandlingfontencodingLMS...
...noUTF-8mappingfileforfontencodingLMS
LaTeX Font Info:    Redeclaring symbol font `symbols' on input line 568.
LaTeX Font Info:    Encoding `OMS' has changed to `LMS' for symbol font
(Font)              `symbols' in the math version `normal' on input line 568.
LaTeX Font Info:    Overwriting symbol font `symbols' in version `normal'
(Font)                  OMS/cmsy/m/n --> LMS/ntxsy/m/n on input line 568.
LaTeX Font Info:    Encoding `OMS' has changed to `LMS' for symbol font
(Font)              `symbols' in the math version `bold' on input line 568.
LaTeX Font Info:    Overwriting symbol font `symbols' in version `bold'
(Font)                  OMS/cmsy/b/n --> LMS/ntxsy/m/n on input line 568.
LaTeX Font Info:    Overwriting symbol font `symbols' in version `bold'
(Font)                  LMS/ntxsy/m/n --> LMS/ntxsy/b/n on input line 569.
\symAMSm=\mathgroup7
LaTeX Font Info:    Overwriting symbol font `AMSm' in version `bold'
(Font)                  U/ntxsym/m/n --> U/ntxsym/b/n on input line 594.
\symsymbolsC=\mathgroup8
LaTeX Font Info:    Overwriting symbol font `symbolsC' in version `bold'
(Font)                  U/ntxsyc/m/n --> U/ntxsyc/b/n on input line 615.
NowhandlingfontencodingLMX...
...noUTF-8mappingfileforfontencodingLMX
LaTeX Font Info:    Redeclaring symbol font `largesymbols' on input line 628.
LaTeX Font Info:    Encoding `OMX' has changed to `LMX' for symbol font
(Font)              `largesymbols' in the math version `normal' on input line 6
28.
LaTeX Font Info:    Overwriting symbol font `largesymbols' in version `normal'
(Font)                  OMX/cmex/m/n --> LMX/ntxexx/m/n on input line 628.
LaTeX Font Info:    Encoding `OMX' has changed to `LMX' for symbol font
(Font)              `largesymbols' in the math version `bold' on input line 628
.
LaTeX Font Info:    Overwriting symbol font `largesymbols' in version `bold'
(Font)                  OMX/cmex/m/n --> LMX/ntxexx/m/n on input line 628.
LaTeX Font Info:    Overwriting symbol font `largesymbols' in version `bold'
(Font)                  LMX/ntxexx/m/n --> LMX/ntxexx/b/n on input line 629.
\symlargesymbolsTXA=\mathgroup9
LaTeX Font Info:    Overwriting symbol font `largesymbolsTXA' in version `bold'

(Font)                  U/ntxexa/m/n --> U/ntxexa/b/n on input line 643.
\tx@sbptoks=\toks33
LaTeX Font Info:    Redeclaring math delimiter \lfloor on input line 866.
LaTeX Font Info:    Redeclaring math delimiter \rfloor on input line 867.
LaTeX Font Info:    Redeclaring math delimiter \lceil on input line 868.
LaTeX Font Info:    Redeclaring math delimiter \rceil on input line 869.
LaTeX Font Info:    Redeclaring math delimiter \lbrace on input line 870.
LaTeX Font Info:    Redeclaring math delimiter \rbrace on input line 871.
LaTeX Font Info:    Redeclaring math delimiter \langle on input line 872.
LaTeX Font Info:    Redeclaring math delimiter \rangle on input line 874.
LaTeX Font Info:    Redeclaring math delimiter \arrowvert on input line 878.
LaTeX Font Info:    Redeclaring math delimiter \vert on input line 879.
LaTeX Font Info:    Redeclaring math accent \dot on input line 950.
LaTeX Font Info:    Redeclaring math accent \ddot on input line 951.
LaTeX Font Info:    Redeclaring math accent \vec on input line 2020.
LaTeX Info: Redefining \Bbbk on input line 2810.
LaTeX Info: Redefining \not on input line 2959.
) ("C:/Program Files/MiKTeX/tex/latex/fontspec/fontspec.sty"
Package: fontspec 2022/01/15 v2.8a Font selection for XeLaTeX and LuaLaTeX
Lua module: fontspec 2022/01/15 2.8a Font selection for XeLaTeX and LuaLaTeX
("C:/Program Files/MiKTeX/tex/latex/fontspec/fontspec-luatex.sty"
Package: fontspec-luatex 2022/01/15 v2.8a Font selection for XeLaTeX and LuaLaT
eX
\l__fontspec_script_int=\count305
\l__fontspec_language_int=\count306
\l__fontspec_strnum_int=\count307
\l__fontspec_tmp_int=\count308
\l__fontspec_tmpa_int=\count309
\l__fontspec_tmpb_int=\count310
\l__fontspec_tmpc_int=\count311
\l__fontspec_em_int=\count312
\l__fontspec_emdef_int=\count313
\l__fontspec_strong_int=\count314
\l__fontspec_strongdef_int=\count315
\l__fontspec_tmpa_dim=\dimen189
\l__fontspec_tmpb_dim=\dimen190
\l__fontspec_tmpc_dim=\dimen191

("C:/Program Files/MiKTeX/tex/latex/base/fontenc.sty"
Package: fontenc 2021/04/29 v2.0v Standard LaTeX package
)
("C:/Program Files/MiKTeX/tex/latex/fontspec/fontspec.cfg")))
(C:/Users/samet/AppData/Roaming/MiKTeX/tex/latex/cochineal/Cochineal.fontspec)
luaotfload | cache : Lookup cache loaded from C:/Users/samet/AppData/Local/MiKTe
X/luatex-cache/generic/names/luaotfload-lookup-cache.luc.
(C:/Users/samet/AppData/Roaming/MiKTeX/tex/latex/cochineal/Cochineal.fontspec)
(C:/Users/samet/AppData/Roaming/MiKTeX/tex/latex/cochineal/Cochineal.fontspec)

Package fontspec Info: Font family 'Cochineal(0)' created for font 'Cochineal'
(fontspec)             with options
(fontspec)             [Ligatures=TeX,Numbers={Proportional,OldStyle},Style=Swa
sh].
(fontspec)              
(fontspec)              This font family consists of the following NFSS
(fontspec)             series/shapes:
(fontspec)              
(fontspec)             - 'normal' (m/n) with NFSS spec.:
(fontspec)             <->"Cochineal:mode=node;script=latn;language=dflt;+tlig;
+pnum;+onum;+swsh;"
(fontspec)             - 'small caps'  (m/sc) with NFSS spec.:
(fontspec)             <->"Cochineal:mode=node;script=latn;language=dflt;+tlig;
+pnum;+onum;+swsh;+smcp;"
(fontspec)             - 'bold' (b/n) with NFSS spec.:
(fontspec)             <->"Cochineal/B:mode=node;script=latn;language=dflt;+tli
g;+pnum;+onum;+swsh;"
(fontspec)             - 'bold small caps'  (b/sc) with NFSS spec.:
(fontspec)             <->"Cochineal/B:mode=node;script=latn;language=dflt;+tli
g;+pnum;+onum;+swsh;+smcp;"
(fontspec)             - 'italic' (m/it) with NFSS spec.:
(fontspec)             <->"Cochineal/I:mode=node;script=latn;language=dflt;+tli
g;+pnum;+onum;+swsh;"
(fontspec)             - 'italic small caps'  (m/scit) with NFSS spec.:
(fontspec)             <->"Cochineal/I:mode=node;script=latn;language=dflt;+tli
g;+pnum;+onum;+swsh;+smcp;"
(fontspec)             - 'bold italic' (b/it) with NFSS spec.:
(fontspec)             <->"Cochineal/BI:mode=node;script=latn;language=dflt;+tl
ig;+pnum;+onum;+swsh;"
(fontspec)             - 'bold italic small caps'  (b/scit) with NFSS spec.:
(fontspec)             <->"Cochineal/BI:mode=node;script=latn;language=dflt;+tl
ig;+pnum;+onum;+swsh;+smcp;"

LaTeX Font Info:    Redeclaring symbol font `operators' on input line 68.
LaTeX Font Info:    Encoding `OT1' has changed to `TU' for symbol font
(Font)              `operators' in the math version `normal' on input line 68.
LaTeX Font Info:    Overwriting symbol font `operators' in version `normal'
(Font)                  OT1/lmr/m/n --> TU/Cochineal(0)/m/n on input line 68.
LaTeX Font Info:    Encoding `OT1' has changed to `TU' for symbol font
(Font)              `operators' in the math version `bold' on input line 68.
LaTeX Font Info:    Overwriting symbol font `operators' in version `bold'
(Font)                  OT1/lmr/b/n --> TU/Cochineal(0)/m/n on input line 68.
luaotfload | aux : font no 30 (nil) does not define feature smcp for script latn
 with language dflt
luaotfload | aux : font no 31 (nil) does not define feature smcp for script latn
 with language dflt
luaotfload | aux : font no 32 (nil) does not define feature smcp for script latn
 with language dflt
luaotfload | aux : font no 33 (nil) does not define feature smcp for script latn
 with language dflt

Package fontspec Info: Font family 'iosevka-ss04-regular.ttf(0)' created for
(fontspec)             font 'iosevka-ss04-regular.ttf' with options
(fontspec)             [WordSpace={1,0,0},HyphenChar=None,PunctuationSpace=Word
Space,Path
(fontspec)             = fonts/,BoldFont = {iosevka-ss04-bold.ttf},ItalicFont
(fontspec)             = {iosevka-ss04-italic.ttf},BoldItalicFont =
(fontspec)             {iosevka-ss04-bolditalic.ttf},Scale = 0.83].
(fontspec)              
(fontspec)              This font family consists of the following NFSS
(fontspec)             series/shapes:
(fontspec)              
(fontspec)             - 'normal' (m/n) with NFSS spec.:
(fontspec)             <->s*[0.83]"[fonts/iosevka-ss04-regular.ttf]:mode=node;s
cript=latn;language=dflt;"
(fontspec)             - 'small caps'  (m/sc) with NFSS spec.: 
(fontspec)             and font adjustment code:
(fontspec)             \fontdimen 2\font =1\fontdimen 2\font \fontdimen 3\font
(fontspec)             =0\fontdimen 3\font \fontdimen 4\font =0\fontdimen
(fontspec)             4\font \fontdimen 7\font =0\fontdimen 2\font
(fontspec)             \tex_hyphenchar:D \font =-1\scan_stop: 
(fontspec)             - 'bold' (b/n) with NFSS spec.:
(fontspec)             <->s*[0.83]"[fonts/iosevka-ss04-bold.ttf]:mode=node;scri
pt=latn;language=dflt;"
(fontspec)             - 'bold small caps'  (b/sc) with NFSS spec.: 
(fontspec)             and font adjustment code:
(fontspec)             \fontdimen 2\font =1\fontdimen 2\font \fontdimen 3\font
(fontspec)             =0\fontdimen 3\font \fontdimen 4\font =0\fontdimen
(fontspec)             4\font \fontdimen 7\font =0\fontdimen 2\font
(fontspec)             \tex_hyphenchar:D \font =-1\scan_stop: 
(fontspec)             - 'italic' (m/it) with NFSS spec.:
(fontspec)             <->s*[0.83]"[fonts/iosevka-ss04-italic.ttf]:mode=node;sc
ript=latn;language=dflt;"
(fontspec)             - 'italic small caps'  (m/scit) with NFSS spec.: 
(fontspec)             and font adjustment code:
(fontspec)             \fontdimen 2\font =1\fontdimen 2\font \fontdimen 3\font
(fontspec)             =0\fontdimen 3\font \fontdimen 4\font =0\fontdimen
(fontspec)             4\font \fontdimen 7\font =0\fontdimen 2\font
(fontspec)             \tex_hyphenchar:D \font =-1\scan_stop: 
(fontspec)             - 'bold italic' (b/it) with NFSS spec.:
(fontspec)             <->s*[0.83]"[fonts/iosevka-ss04-bolditalic.ttf]:mode=nod
e;script=latn;language=dflt;"
(fontspec)             - 'bold italic small caps'  (b/scit) with NFSS spec.: 
(fontspec)             and font adjustment code:
(fontspec)             \fontdimen 2\font =1\fontdimen 2\font \fontdimen 3\font
(fontspec)             =0\fontdimen 3\font \fontdimen 4\font =0\fontdimen
(fontspec)             4\font \fontdimen 7\font =0\fontdimen 2\font
(fontspec)             \tex_hyphenchar:D \font =-1\scan_stop: 


Package fontspec Info: Font family 'Roboto-Regular.otf(0)' created for font
(fontspec)             'Roboto-Regular.otf' with options [Ligatures=TeX,Path =
(fontspec)             fonts/,BoldFont = Roboto-Bold.otf,ItalicFont =
(fontspec)             Roboto-Italic.otf,BoldItalicFont =
(fontspec)             Roboto-BoldItalic.otf,Scale = 0.83].
(fontspec)              
(fontspec)              This font family consists of the following NFSS
(fontspec)             series/shapes:
(fontspec)              
(fontspec)             - 'normal' (m/n) with NFSS spec.:
(fontspec)             <->s*[0.83]"[fonts/Roboto-Regular.otf]:mode=node;script=
latn;language=dflt;+tlig;"
(fontspec)             - 'small caps'  (m/sc) with NFSS spec.:
(fontspec)             <->s*[0.83]"[fonts/Roboto-Regular.otf]:mode=node;script=
latn;language=dflt;+tlig;+smcp;"
(fontspec)             - 'bold' (b/n) with NFSS spec.:
(fontspec)             <->s*[0.83]"[fonts/Roboto-Bold.otf]:mode=node;script=lat
n;language=dflt;+tlig;"
(fontspec)             - 'bold small caps'  (b/sc) with NFSS spec.:
(fontspec)             <->s*[0.83]"[fonts/Roboto-Bold.otf]:mode=node;script=lat
n;language=dflt;+tlig;+smcp;"
(fontspec)             - 'italic' (m/it) with NFSS spec.:
(fontspec)             <->s*[0.83]"[fonts/Roboto-Italic.otf]:mode=node;script=l
atn;language=dflt;+tlig;"
(fontspec)             - 'italic small caps'  (m/scit) with NFSS spec.:
(fontspec)             <->s*[0.83]"[fonts/Roboto-Italic.otf]:mode=node;script=l
atn;language=dflt;+tlig;+smcp;"
(fontspec)             - 'bold italic' (b/it) with NFSS spec.:
(fontspec)             <->s*[0.83]"[fonts/Roboto-BoldItalic.otf]:mode=node;scri
pt=latn;language=dflt;+tlig;"
(fontspec)             - 'bold italic small caps'  (b/scit) with NFSS spec.:
(fontspec)             <->s*[0.83]"[fonts/Roboto-BoldItalic.otf]:mode=node;scri
pt=latn;language=dflt;+tlig;+smcp;"


(C:/Users/samet/AppData/Roaming/MiKTeX/tex/latex/titlesec/titlesec.sty
Package: titlesec 2021/07/05 v2.14 Sectioning titles
\ttl@box=\box69
\beforetitleunit=\skip60
\aftertitleunit=\skip61
\ttl@plus=\dimen192
\ttl@minus=\dimen193
\ttl@toksa=\toks34
\titlewidth=\dimen194
\titlewidthlast=\dimen195
\titlewidthfirst=\dimen196
)
(C:/Users/samet/AppData/Roaming/MiKTeX/tex/latex/etoc/etoc.sty
Package: etoc 2023/05/01 v1.2a Completely customisable TOCs (JFB)

("C:/Program Files/MiKTeX/tex/latex/tools/multicol.sty"
Package: multicol 2023/03/30 v1.9f multicolumn formatting (FMi)
\c@tracingmulticols=\count316
\mult@box=\box70
\multicol@leftmargin=\dimen197
\c@unbalance=\count317
\c@collectmore=\count318
\doublecol@number=\count319
\multicoltolerance=\count320
\multicolpretolerance=\count321
\full@width=\dimen198
\page@free=\dimen199
\premulticols=\dimen256
\postmulticols=\dimen257
\multicolsep=\skip62
\multicolbaselineskip=\skip63
\partial@page=\box71
\last@line=\box72
\mc@boxedresult=\box73
\maxbalancingoverflow=\dimen258
\mult@rightbox=\box74
\mult@grightbox=\box75
\mult@firstbox=\box76
\mult@gfirstbox=\box77
\@tempa=\box78
\@tempa=\box79
\@tempa=\box80
\@tempa=\box81
\@tempa=\box82
\@tempa=\box83
\@tempa=\box84
\@tempa=\box85
\@tempa=\box86
\@tempa=\box87
\@tempa=\box88
\@tempa=\box89
\@tempa=\box90
\@tempa=\box91
\@tempa=\box92
\@tempa=\box93
\@tempa=\box94
\@tempa=\box95
\@tempa=\box96
\@tempa=\box97
\@tempa=\box98
\@tempa=\box99
\@tempa=\box100
\@tempa=\box101
\@tempa=\box102
\@tempa=\box103
\@tempa=\box104
\@tempa=\box105
\@tempa=\box106
\@tempa=\box107
\@tempa=\box108
\@tempa=\box109
\@tempa=\box110
\@tempa=\box111
\@tempa=\box112
\@tempa=\box113
\c@minrows=\count322
\c@columnbadness=\count323
\c@finalcolumnbadness=\count324
\last@try=\dimen259
\multicolovershoot=\dimen260
\multicolundershoot=\dimen261
\mult@nat@firstbox=\box114
\colbreak@box=\box115
\mc@col@check@num=\count325
)
\Etoc@toctoks=\toks35
\c@etoc@tocid=\count326
\etoc@framed@titlebox=\box116
\etoc@framed@contentsbox=\box117
)
\tocleft=\skip64
\tocsep=\skip65

(C:/Users/samet/AppData/Roaming/MiKTeX/tex/latex/textcase/textcase.sty
Package: textcase 2022/07/10 v1.03 Text only upper/lower case changing (DPC)
Package textcase Info: Defining Legacy names on input line 20.
)
(C:/Users/samet/AppData/Roaming/MiKTeX/tex/latex/acronym/acronym.sty
Package: acronym 2020/04/17 v1.47 Support for acronyms (Tobias Oetiker)

(C:/Users/samet/AppData/Roaming/MiKTeX/tex/latex/bigfoot/suffix.sty
Package: suffix 2006/07/15 1.5a Variant command support
)
(C:/Users/samet/AppData/Roaming/MiKTeX/tex/latex/xstring/xstring.sty
(C:/Users/samet/AppData/Roaming/MiKTeX/tex/generic/xstring/xstring.tex
\integerpart=\count327
\decimalpart=\count328
)
Package: xstring 2023/01/14 v1.85 String manipulations (CT)
)
\AC@clearlist=\toks36
)
("C:/Program Files/MiKTeX/tex/latex/tools/tabularx.sty"
Package: tabularx 2020/01/15 v2.11c `tabularx' package (DPC)
\TX@col@width=\dimen262
\TX@old@table=\dimen263
\TX@old@col=\dimen264
\TX@target=\dimen265
\TX@delta=\dimen266
\TX@cols=\count329
\TX@ftn=\toks37
)
(C:/Users/samet/AppData/Roaming/MiKTeX/tex/latex/marginnote/marginnote.sty
Package: marginnote 2018/08/09 v1.4b non floating margin notes for LaTeX
\c@mn@abspage=\count330
)
(C:/Users/samet/AppData/Roaming/MiKTeX/tex/latex/marginfix/marginfix.sty
Package: marginfix 2020/05/06 v1.2 Fix Margin Paragraphs
\Mfx@inject@insert=\insert252
\Mfx@marginbox=\box118
\Mfx@marginpos@min=\dimen267
\Mfx@marginpos@max=\dimen268
\Mfx@marginspace=\dimen269
\Mfx@marginheight=\dimen270
\Mfx@piece@content=\box119
\Mfx@piece@count=\count331
\Mfx@mparshift=\dimen271
\marginheightadjustment=\dimen272
\marginposadjustment=\dimen273
\Mfx@strutheight=\dimen274
)
("C:/Program Files/MiKTeX/tex/latex/ragged2e/ragged2e.sty"
Package: ragged2e 2023/06/22 v3.6 ragged2e Package
\CenteringLeftskip=\skip66
\RaggedLeftLeftskip=\skip67
\RaggedRightLeftskip=\skip68
\CenteringRightskip=\skip69
\RaggedLeftRightskip=\skip70
\RaggedRightRightskip=\skip71
\CenteringParfillskip=\skip72
\RaggedLeftParfillskip=\skip73
\RaggedRightParfillskip=\skip74
\JustifyingParfillskip=\skip75
\CenteringParindent=\skip76
\RaggedLeftParindent=\skip77
\RaggedRightParindent=\skip78
\JustifyingParindent=\skip79
)
(C:/Users/samet/AppData/Roaming/MiKTeX/tex/latex/microtype/microtype.sty
Package: microtype 2023/03/13 v3.1a Micro-typographical refinements (RS)
\MT@toks=\toks38
\MT@tempbox=\box120
\MT@count=\count332
LaTeX Info: Redefining \noprotrusionifhmode on input line 1059.
LaTeX Info: Redefining \leftprotrusion on input line 1060.
\MT@prot@toks=\toks39
LaTeX Info: Redefining \rightprotrusion on input line 1078.
LaTeX Info: Redefining \textls on input line 1368.
\MT@outer@kern=\dimen275
LaTeX Info: Redefining \textmicrotypecontext on input line 1988.
\MT@listname@count=\count333

(C:/Users/samet/AppData/Roaming/MiKTeX/tex/latex/microtype/microtype-luatex.def
File: microtype-luatex.def 2023/03/13 v3.1a Definitions specific to luatex (RS)

Lua module: microtype 2023/03/13 3.1a microtype module.
Module microtype Info: overwriting function `keepligature' on input line 63
LaTeX Info: Redefining \lsstyle on input line 688.
LaTeX Info: Redefining \lslig on input line 688.
\MT@outer@space=\skip80
)
Package microtype Info: Loading configuration file microtype.cfg.
 (C:/Users/samet/AppData/Roaming/MiKTeX/tex/latex/microtype/microtype.cfg
File: microtype.cfg 2023/03/13 v3.1a microtype main configuration file (RS)
))
("C:/Program Files/MiKTeX/tex/latex/biblatex/biblatex.sty"
Package: biblatex 2023/03/05 v3.19 programmable bibliographies (PK/MW)

(C:/Users/samet/AppData/Roaming/MiKTeX/tex/latex/logreq/logreq.sty
Package: logreq 2010/08/04 v1.0 xml request logger
\lrq@indent=\count334

(C:/Users/samet/AppData/Roaming/MiKTeX/tex/latex/logreq/logreq.def
File: logreq.def 2010/08/04 v1.0 logreq spec v1.0
))
("C:/Program Files/MiKTeX/tex/latex/url/url.sty"
\Urlmuskip=\muskip17
Package: url 2013/09/16  ver 3.4  Verb mode for urls, etc.
)
\c@tabx@nest=\count335
\c@listtotal=\count336
\c@listcount=\count337
\c@liststart=\count338
\c@liststop=\count339
\c@citecount=\count340
\c@citetotal=\count341
\c@multicitecount=\count342
\c@multicitetotal=\count343
\c@instcount=\count344
\c@maxnames=\count345
\c@minnames=\count346
\c@maxitems=\count347
\c@minitems=\count348
\c@citecounter=\count349
\c@maxcitecounter=\count350
\c@savedcitecounter=\count351
\c@uniquelist=\count352
\c@uniquename=\count353
\c@refsection=\count354
\c@refsegment=\count355
\c@maxextratitle=\count356
\c@maxextratitleyear=\count357
\c@maxextraname=\count358
\c@maxextradate=\count359
\c@maxextraalpha=\count360
\c@abbrvpenalty=\count361
\c@highnamepenalty=\count362
\c@lownamepenalty=\count363
\c@maxparens=\count364
\c@parenlevel=\count365
\blx@tempcnta=\count366
\blx@tempcntb=\count367
\blx@tempcntc=\count368
\c@blx@maxsection=\count369
\blx@maxsegment@0=\count370
\blx@notetype=\count371
\blx@parenlevel@text=\count372
\blx@parenlevel@foot=\count373
\blx@sectionciteorder@0=\count374
\blx@sectionciteorderinternal@0=\count375
\blx@entrysetcounter=\count376
\blx@biblioinstance=\count377
\labelnumberwidth=\skip81
\labelalphawidth=\skip82
\biblabelsep=\skip83
\bibitemsep=\skip84
\bibnamesep=\skip85
\bibinitsep=\skip86
\bibparsep=\skip87
\bibhang=\skip88
\blx@bcfin=\read4
\blx@bcfout=\write3
\blx@langwohyphens=\language80
\c@mincomprange=\count378
\c@maxcomprange=\count379
\c@mincompwidth=\count380
Package biblatex Info: Trying to load biblatex default data model...
Package biblatex Info: ... file 'blx-dm.def' found.

("C:/Program Files/MiKTeX/tex/latex/biblatex/blx-dm.def"
File: blx-dm.def 2023/03/05 v3.19 biblatex localization (PK/MW)
)
Package biblatex Info: Trying to load biblatex style data model...
Package biblatex Info: ... file 'alphabetic.dbx' not found.
Package biblatex Info: Trying to load biblatex custom data model...
Package biblatex Info: ... file 'biblatex-dm.cfg' not found.
\c@afterword=\count381
\c@savedafterword=\count382
\c@annotator=\count383
\c@savedannotator=\count384
\c@author=\count385
\c@savedauthor=\count386
\c@bookauthor=\count387
\c@savedbookauthor=\count388
\c@commentator=\count389
\c@savedcommentator=\count390
\c@editor=\count391
\c@savededitor=\count392
\c@editora=\count393
\c@savededitora=\count394
\c@editorb=\count395
\c@savededitorb=\count396
\c@editorc=\count397
\c@savededitorc=\count398
\c@foreword=\count399
\c@savedforeword=\count400
\c@holder=\count401
\c@savedholder=\count402
\c@introduction=\count403
\c@savedintroduction=\count404
\c@namea=\count405
\c@savednamea=\count406
\c@nameb=\count407
\c@savednameb=\count408
\c@namec=\count409
\c@savednamec=\count410
\c@translator=\count411
\c@savedtranslator=\count412
\c@shortauthor=\count413
\c@savedshortauthor=\count414
\c@shorteditor=\count415
\c@savedshorteditor=\count416
\c@labelname=\count417
\c@savedlabelname=\count418
\c@institution=\count419
\c@savedinstitution=\count420
\c@lista=\count421
\c@savedlista=\count422
\c@listb=\count423
\c@savedlistb=\count424
\c@listc=\count425
\c@savedlistc=\count426
\c@listd=\count427
\c@savedlistd=\count428
\c@liste=\count429
\c@savedliste=\count430
\c@listf=\count431
\c@savedlistf=\count432
\c@location=\count433
\c@savedlocation=\count434
\c@organization=\count435
\c@savedorganization=\count436
\c@origlocation=\count437
\c@savedoriglocation=\count438
\c@origpublisher=\count439
\c@savedorigpublisher=\count440
\c@publisher=\count441
\c@savedpublisher=\count442
\c@language=\count443
\c@savedlanguage=\count444
\c@origlanguage=\count445
\c@savedoriglanguage=\count446
\c@pageref=\count447
\c@savedpageref=\count448
\shorthandwidth=\skip89
\shortjournalwidth=\skip90
\shortserieswidth=\skip91
\shorttitlewidth=\skip92
\shortauthorwidth=\skip93
\shorteditorwidth=\skip94
\locallabelnumberwidth=\skip95
\locallabelalphawidth=\skip96
\localshorthandwidth=\skip97
\localshortjournalwidth=\skip98
\localshortserieswidth=\skip99
\localshorttitlewidth=\skip100
\localshortauthorwidth=\skip101
\localshorteditorwidth=\skip102
Package biblatex Info: Trying to load enhanced support for Unicode engines...
Package biblatex Info: ... file 'blx-unicode.def' found.

("C:/Program Files/MiKTeX/tex/latex/biblatex/blx-unicode.def")
Package biblatex Info: Trying to load compatibility code...
Package biblatex Info: ... file 'blx-compat.def' found.

("C:/Program Files/MiKTeX/tex/latex/biblatex/blx-compat.def"
File: blx-compat.def 2023/03/05 v3.19 biblatex compatibility (PK/MW)
)
Package biblatex Info: Trying to load generic definitions...
Package biblatex Info: ... file 'biblatex.def' found.

("C:/Program Files/MiKTeX/tex/latex/biblatex/biblatex.def"
File: biblatex.def 2023/03/05 v3.19 biblatex compatibility (PK/MW)
\c@textcitecount=\count449
\c@textcitetotal=\count450
\c@textcitemaxnames=\count451
\c@biburlbigbreakpenalty=\count452
\c@biburlbreakpenalty=\count453
\c@biburlnumpenalty=\count454
\c@biburlucpenalty=\count455
\c@biburllcpenalty=\count456
\biburlbigskip=\muskip18
\biburlnumskip=\muskip19
\biburlucskip=\muskip20
\biburllcskip=\muskip21
\c@smartand=\count457
)
Package biblatex Info: Trying to load bibliography style 'alphabetic'...
Package biblatex Info: ... file 'alphabetic.bbx' found.

("C:/Program Files/MiKTeX/tex/latex/biblatex/bbx/alphabetic.bbx"
File: alphabetic.bbx 2023/03/05 v3.19 biblatex bibliography style (PK/MW)
Package biblatex Info: Trying to load bibliography style 'standard'...
Package biblatex Info: ... file 'standard.bbx' found.

("C:/Program Files/MiKTeX/tex/latex/biblatex/bbx/standard.bbx"
File: standard.bbx 2023/03/05 v3.19 biblatex bibliography style (PK/MW)
\c@bbx:relatedcount=\count458
\c@bbx:relatedtotal=\count459
))
Package biblatex Info: Trying to load citation style 'alphabetic'...
Package biblatex Info: ... file 'alphabetic.cbx' found.

("C:/Program Files/MiKTeX/tex/latex/biblatex/cbx/alphabetic.cbx"
File: alphabetic.cbx 2023/03/05 v3.19 biblatex citation style (PK/MW)
Package biblatex Info: Redefining '\cite'.
Package biblatex Info: Redefining '\parencite'.
Package biblatex Info: Redefining '\footcite'.
Package biblatex Info: Redefining '\footcitetext'.
Package biblatex Info: Redefining '\smartcite'.
Package biblatex Info: Redefining '\textcite'.
Package biblatex Info: Redefining '\textcites'.
Package biblatex Info: Redefining '\cites'.
Package biblatex Info: Redefining '\parencites'.
Package biblatex Info: Redefining '\smartcites'.
)
Package biblatex Info: Trying to load configuration file...
Package biblatex Info: ... file 'biblatex.cfg' found.

("C:/Program Files/MiKTeX/tex/latex/biblatex/biblatex.cfg"
File: biblatex.cfg 
)
Package biblatex Info: Input encoding 'utf8' detected.
Package biblatex Info: Document encoding is UTF8 ....
Package biblatex Info: ... and expl3
(biblatex)             2023-06-16 L3 programming layer (loader) 
(biblatex)             is new enough (at least 2020/04/06),
(biblatex)             setting 'casechanger=expl3'.

("C:/Program Files/MiKTeX/tex/latex/biblatex/blx-case-expl3.sty"
Package: blx-case-expl3 2023/03/05 v3.19 expl3 case changing code for biblatex
))
(C:/Users/samet/AppData/Roaming/MiKTeX/tex/latex/csquotes/csquotes.sty
Package: csquotes 2022-09-14 v5.2n context-sensitive quotations (JAW)
\csq@reset=\count460
\csq@gtype=\count461
\csq@glevel=\count462
\csq@qlevel=\count463
\csq@maxlvl=\count464
\csq@tshold=\count465
\csq@ltx@everypar=\toks40

(C:/Users/samet/AppData/Roaming/MiKTeX/tex/latex/csquotes/csquotes.def
File: csquotes.def 2022-09-14 v5.2n csquotes generic definitions (JAW)
)
Package csquotes Info: Trying to load configuration file 'csquotes.cfg'...
Package csquotes Info: ... configuration file loaded successfully.

(C:/Users/samet/AppData/Roaming/MiKTeX/tex/latex/csquotes/csquotes.cfg
File: csquotes.cfg 
)
Package csquotes Info: Enabling multilingual quotes.
)
(C:/Users/samet/AppData/Roaming/MiKTeX/tex/latex/todonotes/todonotes.sty
Package: todonotes 2023/01/31 v1.1.6 Todonotes source and documentation.
Package: todonotes 2023/01/31

("C:/Program Files/MiKTeX/tex/latex/pgf/frontendlayer/tikz.sty"
("C:/Program Files/MiKTeX/tex/latex/pgf/basiclayer/pgf.sty"
("C:/Program Files/MiKTeX/tex/latex/pgf/utilities/pgfrcs.sty"
("C:/Program Files/MiKTeX/tex/generic/pgf/utilities/pgfutil-common.tex"
\pgfutil@everybye=\toks41
\pgfutil@tempdima=\dimen276
\pgfutil@tempdimb=\dimen277
)
("C:/Program Files/MiKTeX/tex/generic/pgf/utilities/pgfutil-latex.def"
\pgfutil@abb=\box121
)
("C:/Program Files/MiKTeX/tex/generic/pgf/utilities/pgfrcs.code.tex"
("C:/Program Files/MiKTeX/tex/generic/pgf/pgf.revision.tex")
Package: pgfrcs 2023-01-15 v3.1.10 (3.1.10)
))
Package: pgf 2023-01-15 v3.1.10 (3.1.10)

("C:/Program Files/MiKTeX/tex/latex/pgf/basiclayer/pgfcore.sty"
("C:/Program Files/MiKTeX/tex/latex/pgf/systemlayer/pgfsys.sty"
("C:/Program Files/MiKTeX/tex/generic/pgf/systemlayer/pgfsys.code.tex"
Package: pgfsys 2023-01-15 v3.1.10 (3.1.10)

("C:/Program Files/MiKTeX/tex/generic/pgf/utilities/pgfkeys.code.tex"
\pgfkeys@pathtoks=\toks42
\pgfkeys@temptoks=\toks43

("C:/Program Files/MiKTeX/tex/generic/pgf/utilities/pgfkeyslibraryfiltered.code
.tex"
\pgfkeys@tmptoks=\toks44
))
\pgf@x=\dimen278
\pgf@y=\dimen279
\pgf@xa=\dimen280
\pgf@ya=\dimen281
\pgf@xb=\dimen282
\pgf@yb=\dimen283
\pgf@xc=\dimen284
\pgf@yc=\dimen285
\pgf@xd=\dimen286
\pgf@yd=\dimen287
\w@pgf@writea=\write4
\r@pgf@reada=\read5
\c@pgf@counta=\count466
\c@pgf@countb=\count467
\c@pgf@countc=\count468
\c@pgf@countd=\count469
\t@pgf@toka=\toks45
\t@pgf@tokb=\toks46
\t@pgf@tokc=\toks47
\pgf@sys@id@count=\count470
 ("C:/Program Files/MiKTeX/tex/generic/pgf/systemlayer/pgf.cfg"
File: pgf.cfg 2023-01-15 v3.1.10 (3.1.10)
)
Driver file for pgf: pgfsys-luatex.def

("C:/Program Files/MiKTeX/tex/generic/pgf/systemlayer/pgfsys-luatex.def"
File: pgfsys-luatex.def 2023-01-15 v3.1.10 (3.1.10)

("C:/Program Files/MiKTeX/tex/generic/pgf/systemlayer/pgfsys-common-pdf.def"
File: pgfsys-common-pdf.def 2023-01-15 v3.1.10 (3.1.10)
))) ("C:/Program Files/MiKTeX/tex/generic/pgf/systemlayer/pgfsyssoftpath.code.t
ex"
File: pgfsyssoftpath.code.tex 2023-01-15 v3.1.10 (3.1.10)
\pgfsyssoftpath@smallbuffer@items=\count471
\pgfsyssoftpath@bigbuffer@items=\count472
) ("C:/Program Files/MiKTeX/tex/generic/pgf/systemlayer/pgfsysprotocol.code.tex
"
File: pgfsysprotocol.code.tex 2023-01-15 v3.1.10 (3.1.10)
)) ("C:/Program Files/MiKTeX/tex/generic/pgf/basiclayer/pgfcore.code.tex"
Package: pgfcore 2023-01-15 v3.1.10 (3.1.10)

("C:/Program Files/MiKTeX/tex/generic/pgf/math/pgfmath.code.tex"
("C:/Program Files/MiKTeX/tex/generic/pgf/math/pgfmathutil.code.tex")
("C:/Program Files/MiKTeX/tex/generic/pgf/math/pgfmathparser.code.tex"
\pgfmath@dimen=\dimen288
\pgfmath@count=\count473
\pgfmath@box=\box122
\pgfmath@toks=\toks48
\pgfmath@stack@operand=\toks49
\pgfmath@stack@operation=\toks50
)
("C:/Program Files/MiKTeX/tex/generic/pgf/math/pgfmathfunctions.code.tex")
("C:/Program Files/MiKTeX/tex/generic/pgf/math/pgfmathfunctions.basic.code.tex"
)
("C:/Program Files/MiKTeX/tex/generic/pgf/math/pgfmathfunctions.trigonometric.c
ode.tex")
("C:/Program Files/MiKTeX/tex/generic/pgf/math/pgfmathfunctions.random.code.tex
")
("C:/Program Files/MiKTeX/tex/generic/pgf/math/pgfmathfunctions.comparison.code
.tex")
("C:/Program Files/MiKTeX/tex/generic/pgf/math/pgfmathfunctions.base.code.tex") ("C:/Program Files/MiKTeX/tex/generic/pgf/math/pgfmathfunctions.round.code.tex") ("C:/Program Files/MiKTeX/tex/generic/pgf/math/pgfmathfunctions.misc.code.tex")
("C:/Program Files/MiKTeX/tex/generic/pgf/math/pgfmathfunctions.integerarithmet
ics.code.tex")
("C:/Program Files/MiKTeX/tex/generic/pgf/math/pgfmathcalc.code.tex")
("C:/Program Files/MiKTeX/tex/generic/pgf/math/pgfmathfloat.code.tex"
\c@pgfmathroundto@lastzeros=\count474
))
("C:/Program Files/MiKTeX/tex/generic/pgf/math/pgfint.code.tex")
("C:/Program Files/MiKTeX/tex/generic/pgf/basiclayer/pgfcorepoints.code.tex"
File: pgfcorepoints.code.tex 2023-01-15 v3.1.10 (3.1.10)
\pgf@picminx=\dimen289
\pgf@picmaxx=\dimen290
\pgf@picminy=\dimen291
\pgf@picmaxy=\dimen292
\pgf@pathminx=\dimen293
\pgf@pathmaxx=\dimen294
\pgf@pathminy=\dimen295
\pgf@pathmaxy=\dimen296
\pgf@xx=\dimen297
\pgf@xy=\dimen298
\pgf@yx=\dimen299
\pgf@yy=\dimen300
\pgf@zx=\dimen301
\pgf@zy=\dimen302
)
("C:/Program Files/MiKTeX/tex/generic/pgf/basiclayer/pgfcorepathconstruct.code.
tex"
File: pgfcorepathconstruct.code.tex 2023-01-15 v3.1.10 (3.1.10)
\pgf@path@lastx=\dimen303
\pgf@path@lasty=\dimen304
)
("C:/Program Files/MiKTeX/tex/generic/pgf/basiclayer/pgfcorepathusage.code.tex"
File: pgfcorepathusage.code.tex 2023-01-15 v3.1.10 (3.1.10)
\pgf@shorten@end@additional=\dimen305
\pgf@shorten@start@additional=\dimen306
) ("C:/Program Files/MiKTeX/tex/generic/pgf/basiclayer/pgfcorescopes.code.tex"
File: pgfcorescopes.code.tex 2023-01-15 v3.1.10 (3.1.10)
\pgfpic=\box123
\pgf@hbox=\box124
\pgf@layerbox@main=\box125
\pgf@picture@serial@count=\count475
)
("C:/Program Files/MiKTeX/tex/generic/pgf/basiclayer/pgfcoregraphicstate.code.t
ex"
File: pgfcoregraphicstate.code.tex 2023-01-15 v3.1.10 (3.1.10)
\pgflinewidth=\dimen307
)
("C:/Program Files/MiKTeX/tex/generic/pgf/basiclayer/pgfcoretransformations.cod
e.tex"
File: pgfcoretransformations.code.tex 2023-01-15 v3.1.10 (3.1.10)
\pgf@pt@x=\dimen308
\pgf@pt@y=\dimen309
\pgf@pt@temp=\dimen310
)
("C:/Program Files/MiKTeX/tex/generic/pgf/basiclayer/pgfcorequick.code.tex"
File: pgfcorequick.code.tex 2023-01-15 v3.1.10 (3.1.10)
)
("C:/Program Files/MiKTeX/tex/generic/pgf/basiclayer/pgfcoreobjects.code.tex"
File: pgfcoreobjects.code.tex 2023-01-15 v3.1.10 (3.1.10)
)
("C:/Program Files/MiKTeX/tex/generic/pgf/basiclayer/pgfcorepathprocessing.code
.tex"
File: pgfcorepathprocessing.code.tex 2023-01-15 v3.1.10 (3.1.10)
)
("C:/Program Files/MiKTeX/tex/generic/pgf/basiclayer/pgfcorearrows.code.tex"
File: pgfcorearrows.code.tex 2023-01-15 v3.1.10 (3.1.10)
\pgfarrowsep=\dimen311
)
("C:/Program Files/MiKTeX/tex/generic/pgf/basiclayer/pgfcoreshade.code.tex"
File: pgfcoreshade.code.tex 2023-01-15 v3.1.10 (3.1.10)
\pgf@max=\dimen312
\pgf@sys@shading@range@num=\count476
\pgf@shadingcount=\count477
)
("C:/Program Files/MiKTeX/tex/generic/pgf/basiclayer/pgfcoreimage.code.tex"
File: pgfcoreimage.code.tex 2023-01-15 v3.1.10 (3.1.10)
)
("C:/Program Files/MiKTeX/tex/generic/pgf/basiclayer/pgfcoreexternal.code.tex"
File: pgfcoreexternal.code.tex 2023-01-15 v3.1.10 (3.1.10)
\pgfexternal@startupbox=\box126
) ("C:/Program Files/MiKTeX/tex/generic/pgf/basiclayer/pgfcorelayers.code.tex"
File: pgfcorelayers.code.tex 2023-01-15 v3.1.10 (3.1.10)
)
("C:/Program Files/MiKTeX/tex/generic/pgf/basiclayer/pgfcoretransparency.code.t
ex"
File: pgfcoretransparency.code.tex 2023-01-15 v3.1.10 (3.1.10)
)
("C:/Program Files/MiKTeX/tex/generic/pgf/basiclayer/pgfcorepatterns.code.tex"
File: pgfcorepatterns.code.tex 2023-01-15 v3.1.10 (3.1.10)
) ("C:/Program Files/MiKTeX/tex/generic/pgf/basiclayer/pgfcorerdf.code.tex"
File: pgfcorerdf.code.tex 2023-01-15 v3.1.10 (3.1.10)
)))
("C:/Program Files/MiKTeX/tex/generic/pgf/modules/pgfmoduleshapes.code.tex"
File: pgfmoduleshapes.code.tex 2023-01-15 v3.1.10 (3.1.10)
\pgfnodeparttextbox=\box127
)
("C:/Program Files/MiKTeX/tex/generic/pgf/modules/pgfmoduleplot.code.tex"
File: pgfmoduleplot.code.tex 2023-01-15 v3.1.10 (3.1.10)
)
("C:/Program Files/MiKTeX/tex/latex/pgf/compatibility/pgfcomp-version-0-65.sty"
Package: pgfcomp-version-0-65 2023-01-15 v3.1.10 (3.1.10)
\pgf@nodesepstart=\dimen313
\pgf@nodesepend=\dimen314
) ("C:/Program Files/MiKTeX/tex/latex/pgf/compatibility/pgfcomp-version-1-18.st
y"
Package: pgfcomp-version-1-18 2023-01-15 v3.1.10 (3.1.10)
)) ("C:/Program Files/MiKTeX/tex/latex/pgf/utilities/pgffor.sty"
("C:/Program Files/MiKTeX/tex/latex/pgf/utilities/pgfkeys.sty"
("C:/Program Files/MiKTeX/tex/generic/pgf/utilities/pgfkeys.code.tex"))
("C:/Program Files/MiKTeX/tex/latex/pgf/math/pgfmath.sty"
("C:/Program Files/MiKTeX/tex/generic/pgf/math/pgfmath.code.tex"))
("C:/Program Files/MiKTeX/tex/generic/pgf/utilities/pgffor.code.tex"
Package: pgffor 2023-01-15 v3.1.10 (3.1.10)
\pgffor@iter=\dimen315
\pgffor@skip=\dimen316
\pgffor@stack=\toks51
\pgffor@toks=\toks52
))
("C:/Program Files/MiKTeX/tex/generic/pgf/frontendlayer/tikz/tikz.code.tex"
Package: tikz 2023-01-15 v3.1.10 (3.1.10)

("C:/Program Files/MiKTeX/tex/generic/pgf/libraries/pgflibraryplothandlers.code
.tex"
File: pgflibraryplothandlers.code.tex 2023-01-15 v3.1.10 (3.1.10)
\pgf@plot@mark@count=\count478
\pgfplotmarksize=\dimen317
)
\tikz@lastx=\dimen318
\tikz@lasty=\dimen319
\tikz@lastxsaved=\dimen320
\tikz@lastysaved=\dimen321
\tikz@lastmovetox=\dimen322
\tikz@lastmovetoy=\dimen323
\tikzleveldistance=\dimen324
\tikzsiblingdistance=\dimen325
\tikz@figbox=\box128
\tikz@figbox@bg=\box129
\tikz@tempbox=\box130
\tikz@tempbox@bg=\box131
\tikztreelevel=\count479
\tikznumberofchildren=\count480
\tikznumberofcurrentchild=\count481
\tikz@fig@count=\count482

("C:/Program Files/MiKTeX/tex/generic/pgf/modules/pgfmodulematrix.code.tex"
File: pgfmodulematrix.code.tex 2023-01-15 v3.1.10 (3.1.10)
\pgfmatrixcurrentrow=\count483
\pgfmatrixcurrentcolumn=\count484
\pgf@matrix@numberofcolumns=\count485
)
\tikz@expandcount=\count486

("C:/Program Files/MiKTeX/tex/generic/pgf/frontendlayer/tikz/libraries/tikzlibr
arytopaths.code.tex"
File: tikzlibrarytopaths.code.tex 2023-01-15 v3.1.10 (3.1.10)
)))
("C:/Program Files/MiKTeX/tex/generic/pgf/frontendlayer/tikz/libraries/tikzlibr
arypositioning.code.tex"
File: tikzlibrarypositioning.code.tex 2023-01-15 v3.1.10 (3.1.10)
) ("C:/Program Files/MiKTeX/tex/latex/tools/calc.sty"
Package: calc 2017/05/25 v4.3 Infix arithmetic (KKT,FJ)
\calc@Acount=\count487
\calc@Bcount=\count488
\calc@Adimen=\dimen326
\calc@Bdimen=\dimen327
\calc@Askip=\skip103
\calc@Bskip=\skip104
LaTeX Info: Redefining \setlength on input line 80.
LaTeX Info: Redefining \addtolength on input line 81.
\calc@Ccount=\count489
\calc@Cskip=\skip105
)
\c@@todonotes@numberoftodonotes=\count490
) ("C:/Program Files/MiKTeX/tex/latex/hyperref/hyperref.sty"
Package: hyperref 2023-05-16 v7.00y Hypertext links for LaTeX

(C:/Users/samet/AppData/Roaming/MiKTeX/tex/generic/kvdefinekeys/kvdefinekeys.st
y
Package: kvdefinekeys 2019-12-19 v1.6 Define keys (HO)
) (C:/Users/samet/AppData/Roaming/MiKTeX/tex/generic/pdfescape/pdfescape.sty
Package: pdfescape 2019/12/09 v1.15 Implements pdfTeX's escape features (HO)
)
(C:/Users/samet/AppData/Roaming/MiKTeX/tex/latex/hycolor/hycolor.sty
Package: hycolor 2020-01-27 v1.10 Color options for hyperref/bookmark (HO)
)
(C:/Users/samet/AppData/Roaming/MiKTeX/tex/latex/letltxmacro/letltxmacro.sty
Package: letltxmacro 2019/12/03 v1.6 Let assignment for LaTeX macros (HO)
)
(C:/Users/samet/AppData/Roaming/MiKTeX/tex/latex/auxhook/auxhook.sty
Package: auxhook 2019-12-17 v1.6 Hooks for auxiliary files (HO)
)
("C:/Program Files/MiKTeX/tex/latex/hyperref/nameref.sty"
Package: nameref 2023-05-16 v2.51 Cross-referencing by name of section

(C:/Users/samet/AppData/Roaming/MiKTeX/tex/latex/refcount/refcount.sty
Package: refcount 2019/12/15 v3.6 Data extraction from label references (HO)
)
(C:/Users/samet/AppData/Roaming/MiKTeX/tex/generic/gettitlestring/gettitlestrin
g.sty
Package: gettitlestring 2019/12/15 v1.6 Cleanup title references (HO)
)
\c@section@level=\count491
)
\@linkdim=\dimen328
\Hy@linkcounter=\count492
\Hy@pagecounter=\count493
 ("C:/Program Files/MiKTeX/tex/latex/hyperref/pd1enc.def"
File: pd1enc.def 2023-05-16 v7.00y Hyperref: PDFDocEncoding definition (HO)
NowhandlingfontencodingPD1...
...noUTF-8mappingfileforfontencodingPD1
)
(C:/Users/samet/AppData/Roaming/MiKTeX/tex/generic/intcalc/intcalc.sty
Package: intcalc 2019/12/15 v1.3 Expandable calculations with integers (HO)
)
\Hy@SavedSpaceFactor=\count494

("C:/Program Files/MiKTeX/tex/latex/hyperref/puenc.def"
File: puenc.def 2023-05-16 v7.00y Hyperref: PDF Unicode definition (HO)
NowhandlingfontencodingPU...
...noUTF-8mappingfileforfontencodingPU
)
Package hyperref Info: Hyper figures OFF on input line 4167.
Package hyperref Info: Link nesting OFF on input line 4172.
Package hyperref Info: Hyper index ON on input line 4175.
Package hyperref Info: Plain pages OFF on input line 4182.
Package hyperref Info: Backreferencing OFF on input line 4187.
Package hyperref Info: Implicit mode ON; LaTeX internals redefined.
Package hyperref Info: Bookmarks ON on input line 4434.
\c@Hy@tempcnt=\count495
LaTeX Info: Redefining \url on input line 4772.
\XeTeXLinkMargin=\dimen329

(C:/Users/samet/AppData/Roaming/MiKTeX/tex/generic/bitset/bitset.sty
Package: bitset 2019/12/09 v1.3 Handle bit-vector datatype (HO)

(C:/Users/samet/AppData/Roaming/MiKTeX/tex/generic/bigintcalc/bigintcalc.sty
Package: bigintcalc 2019/12/15 v1.5 Expandable calculations on big integers (HO
)
))
\Fld@menulength=\count496
\Field@Width=\dimen330
\Fld@charsize=\dimen331
Package hyperref Info: Hyper figures OFF on input line 6051.
Package hyperref Info: Link nesting OFF on input line 6056.
Package hyperref Info: Hyper index ON on input line 6059.
Package hyperref Info: backreferencing OFF on input line 6066.
Package hyperref Info: Link coloring OFF on input line 6071.
Package hyperref Info: Link coloring with OCG OFF on input line 6076.
Package hyperref Info: PDF/A mode OFF on input line 6081.

("C:/Program Files/MiKTeX/tex/latex/base/atbegshi-ltx.sty"
Package: atbegshi-ltx 2021/01/10 v1.0c Emulation of the original atbegshi
package with kernel methods
)
\Hy@abspage=\count497
\c@Item=\count498
\c@Hfootnote=\count499
)
Package scrhack Info: hyperref hack deactivated because of
(scrhack)             detection of hyperref version, that doesn't
(scrhack)             need that hack, on input line 323.
Package hyperref Info: Driver (autodetected): hluatex.

("C:/Program Files/MiKTeX/tex/latex/hyperref/hluatex.def"
File: hluatex.def 2023-05-16 v7.00y Hyperref driver for luaTeX

(C:/Users/samet/AppData/Roaming/MiKTeX/tex/generic/stringenc/stringenc.sty
Package: stringenc 2019/11/29 v1.12 Convert strings between diff. encodings (HO
)
)
("C:/Program Files/MiKTeX/tex/latex/base/atveryend-ltx.sty"
Package: atveryend-ltx 2020/08/19 v1.0a Emulation of the original atveryend pac
kage
with kernel methods
)
\Fld@listcount=\count500
\c@bookmark@seq@number=\count501

(C:/Users/samet/AppData/Roaming/MiKTeX/tex/latex/rerunfilecheck/rerunfilecheck.
sty
Package: rerunfilecheck 2022-07-10 v1.10 Rerun checks for auxiliary files (HO)

(C:/Users/samet/AppData/Roaming/MiKTeX/tex/generic/uniquecounter/uniquecounter.
sty
Package: uniquecounter 2019/12/15 v1.4 Provide unlimited unique counter (HO)
)
Package uniquecounter Info: New unique counter `rerunfilecheck' on input line 2
85.
)
\Hy@SectionHShift=\skip106
)
Package hyperref Info: Option `colorlinks' set `true' on input line 327.
Package hyperref Info: Option `breaklinks' set `true' on input line 327.
Package hyperref Info: Option `unicode' set `true' on input line 327.
 (C:/Users/samet/AppData/Roaming/MiKTeX/tex/latex/cleveref/cleveref.sty
Package: cleveref 2018/03/27 v0.21.4 Intelligent cross-referencing
Package cleveref Info: `hyperref' support loaded on input line 2370.
LaTeX Info: Redefining \cref on input line 2370.
LaTeX Info: Redefining \Cref on input line 2370.
LaTeX Info: Redefining \crefrange on input line 2370.
LaTeX Info: Redefining \Crefrange on input line 2370.
LaTeX Info: Redefining \cpageref on input line 2370.
LaTeX Info: Redefining \Cpageref on input line 2370.
LaTeX Info: Redefining \cpagerefrange on input line 2370.
LaTeX Info: Redefining \Cpagerefrange on input line 2370.
LaTeX Info: Redefining \labelcref on input line 2370.
LaTeX Info: Redefining \labelcpageref on input line 2370.
)
(C:/Users/samet/AppData/Roaming/MiKTeX/tex/latex/datetime/datetime.sty
Package: datetime 2015/03/20 v2.60 Date Time Package

(C:/Users/samet/AppData/Roaming/MiKTeX/tex/latex/fmtcount/fmtcount.sty
Package: fmtcount 2020/01/30 v3.07

(C:/Users/samet/AppData/Roaming/MiKTeX/tex/latex/fmtcount/fcprefix.sty
Package: fcprefix 2012/09/28

(C:/Users/samet/AppData/Roaming/MiKTeX/tex/latex/fmtcount/fcnumparser.sty
Package: fcnumparser 2017/06/15
\fc@digit@counter=\count502
))
\c@padzeroesN=\count503
\fc@tmpcatcode=\count504

(C:/Users/samet/AppData/Roaming/MiKTeX/tex/latex/fmtcount/fc-english.def
File: fc-english.def 2016/01/12
)
(C:/Users/samet/AppData/Roaming/MiKTeX/tex/latex/fmtcount/fc-ngerman.def
File: fc-ngerman.def 2012/06/18

(C:/Users/samet/AppData/Roaming/MiKTeX/tex/latex/fmtcount/fc-german.def
File: fc-german.def 2018/06/17

(C:/Users/samet/AppData/Roaming/MiKTeX/tex/latex/fmtcount/fc-germanb.def
File: fc-germanb.def 2013/08/17
))
(C:/Users/samet/AppData/Roaming/MiKTeX/tex/latex/fmtcount/fc-ngermanb.def
File: fc-ngermanb.def 2013/08/17
))
\@DT@modctr=\count505
\@ordinalctr=\count506
\@orgargctr=\count507
\@strctr=\count508
\@tmpstrctr=\count509
\@DT@loopN=\count510
\@DT@X=\count511
)
(C:/Users/samet/AppData/Roaming/MiKTeX/tex/latex/datetime/datetime-defaults.sty
Package: datetime-defaults 2013/09/10
)
\@day=\count512
\@month=\count513
\@year=\count514
\c@HOUR=\count515
\c@HOURXII=\count516
\c@MINUTE=\count517
\c@TOHOUR=\count518
\c@TOMINUTE=\count519
\c@SECOND=\count520
\currenthour=\count521
\currentminute=\count522
\currentsecond=\count523
Package datetime Info: No datetime.cfg file found, using default settings on in
put line 308.
 (C:/Users/samet/AppData/Roaming/MiKTeX/tex/latex/datetime/dt-ngerman.def
File: dt-ngerman.def 2013/09/10
LaTeX Info: Redefining \datengerman on input line 86.
)
\@dtctr=\count524
\dayofyear=\count525
\dayofweek=\count526
LaTeX Info: Redefining \today on input line 736.
\dt@a=\toks53
\dt@b=\toks54
)
\bibparskip=\skip107
\overflowingheadlen=\skip108

1: chapter
1: chapter
1: section
("C:/Program Files/MiKTeX/tex/latex/base/textcomp.sty"
Package: textcomp 2020/02/02 v2.0n Standard LaTeX package
)
("C:/Program Files/MiKTeX/tex/latex/listings/listings.sty"
\lst@mode=\count527
\lst@gtempboxa=\box132
\lst@token=\toks55
\lst@length=\count528
\lst@currlwidth=\dimen332
\lst@column=\count529
\lst@pos=\count530
\lst@lostspace=\dimen333
\lst@width=\dimen334
\lst@newlines=\count531
\lst@lineno=\count532
\lst@maxwidth=\dimen335

("C:/Program Files/MiKTeX/tex/latex/listings/lstmisc.sty"
File: lstmisc.sty 2023/02/27 1.9 (Carsten Heinz)
\c@lstnumber=\count533
\lst@skipnumbers=\count534
\lst@framebox=\box133
)
("C:/Program Files/MiKTeX/tex/latex/listings/listings.cfg"
File: listings.cfg 2023/02/27 1.9 listings configuration
))
Package scrhack Info: loading listings hack on input line 448.

(C:/Users/samet/AppData/Roaming/MiKTeX/tex/latex/koma-script/listings.hak
File: listings.hak 2023/04/24 v3.40 KOMA-Script scrhack part (hacking package l
istings)

(C:/Users/samet/AppData/Roaming/MiKTeX/tex/latex/koma-script/tocbasic.sty
Package: tocbasic 2023/04/24 v3.40 KOMA-Script package (handling toc-files)
\scr@dte@tocline@numberwidth=\skip109
\scr@dte@tocline@numbox=\box134
)
Package tocbasic Info: setting babel extension for `lol' on input line 143.
Package scrhack Info: redefining \lstlistoflistings on input line 143.
)
Package: listings 2023/02/27 1.9 (Carsten Heinz)

(C:/Users/samet/AppData/Roaming/MiKTeX/tex/latex/sidenotes/sidenotes.sty
("C:/Program Files/MiKTeX/tex/latex/l3packages/l3keys2e/l3keys2e.sty"
Package: l3keys2e 2023-02-02 LaTeX2e option processing using LaTeX3 keys
)
Package: sidenotes 2016/04/21 v1.00 rich text in the margin for LaTeX

(C:/Users/samet/AppData/Roaming/MiKTeX/tex/latex/changepage/changepage.sty
Package: changepage 2009/10/20 v1.0c check page and change page layout
\c@cp@cntr=\count535
\cp@tempcnt=\count536
)
\c@sidenote=\count537
\@sidenotes@marginfigurebox=\box135
\@sidenotes@margintablebox=\box136
)
(C:/Users/samet/AppData/Roaming/MiKTeX/tex/latex/koma-script/scrextend.sty
Package: scrextend 2023/04/24 v3.40 KOMA-Script package (extend other classes w
ith features of KOMA-Script classes)


LaTeX Warning: Command \@footnotemark  has changed.
               Check if current package is valid.

) (C:/Users/samet/AppData/Roaming/MiKTeX/tex/latex/psnfss/pifont.sty
Package: pifont 2020/03/25 PSNFSS-v9.3 Pi font support (SPQR) 
LaTeX Font Info:    Trying to load font information for U+pzd on input line 63.


(C:/Users/samet/AppData/Roaming/MiKTeX/tex/latex/psnfss/upzd.fd
File: upzd.fd 2001/06/04 font definitions for U/pzd.
)
LaTeX Font Info:    Trying to load font information for U+psy on input line 64.


(C:/Users/samet/AppData/Roaming/MiKTeX/tex/latex/psnfss/upsy.fd
File: upsy.fd 2001/06/04 font definitions for U/psy.
))
(C:/Users/samet/AppData/Roaming/MiKTeX/tex/latex/enumitem/enumitem.sty
Package: enumitem 2019/06/20 v3.9 Customized lists
\labelindent=\skip110
\enit@outerparindent=\dimen336
\enit@toks=\toks56
\enit@inbox=\box137
\enit@count@id=\count538
\enitdp@description=\count539
))
(./misc/commands.tex)
Package csquotes Info: Checking for multilingual support...
Package csquotes Info: ... found 'babel' package.
 (./main.aux (./misc/titlepage.aux))
\openout1 = main.aux

LaTeX Font Info:    Checking defaults for OML/zcochmi/m/it on input line 91.
LaTeX Font Info:    Trying to load font information for OML+zcochmi on input li
ne 91.

(C:/Users/samet/AppData/Roaming/MiKTeX/tex/latex/cochineal/omlzcochmi.fd
File: omlzcochmi.fd 2015/06/23 Fontinst v1.933 font definitions for OML/zcochmi
.
)
LaTeX Font Info:    ... okay on input line 91.
LaTeX Font Info:    Checking defaults for OMS/cmsy/m/n on input line 91.
LaTeX Font Info:    ... okay on input line 91.
LaTeX Font Info:    Checking defaults for OT1/cmr/m/n on input line 91.
LaTeX Font Info:    ... okay on input line 91.
LaTeX Font Info:    Checking defaults for T1/cmr/m/n on input line 91.
LaTeX Font Info:    ... okay on input line 91.
LaTeX Font Info:    Checking defaults for TS1/cmr/m/n on input line 91.
LaTeX Font Info:    Trying to load font information for TS1+cmr on input line 9
1.

("C:/Program Files/MiKTeX/tex/latex/base/ts1cmr.fd"
File: ts1cmr.fd 2023/04/13 v2.5m Standard LaTeX font definitions
)
LaTeX Font Info:    ... okay on input line 91.
LaTeX Font Info:    Checking defaults for TU/lmr/m/n on input line 91.
LaTeX Font Info:    ... okay on input line 91.
LaTeX Font Info:    Checking defaults for OMX/cmex/m/n on input line 91.
LaTeX Font Info:    ... okay on input line 91.
LaTeX Font Info:    Checking defaults for U/ntxexa/m/n on input line 91.
LaTeX Font Info:    Trying to load font information for U+ntxexa on input line 
91.

(C:/Users/samet/AppData/Roaming/MiKTeX/tex/latex/newtx/untxexa.fd
File: untxexa.fd 2012/04/16 Fontinst v1.933 font definitions for U/ntxexa.
)
LaTeX Font Info:    ... okay on input line 91.
LaTeX Font Info:    Checking defaults for LMS/ntxsy/m/n on input line 91.
LaTeX Font Info:    Trying to load font information for LMS+ntxsy on input line
 91.

(C:/Users/samet/AppData/Roaming/MiKTeX/tex/latex/newtx/lmsntxsy.fd
File: lmsntxsy.fd 2016/07/02 Fontinst v1.933 font definitions for LMS/ntxsy.
)
LaTeX Font Info:    ... okay on input line 91.
LaTeX Font Info:    Checking defaults for LMX/ntxexx/m/n on input line 91.
LaTeX Font Info:    Trying to load font information for LMX+ntxexx on input lin
e 91.

(C:/Users/samet/AppData/Roaming/MiKTeX/tex/latex/newtx/lmxntxexx.fd
File: lmxntxexx.fd 2016/07/03 Fontinst v1.933 font definitions for LMX/ntxexx.
)
LaTeX Font Info:    ... okay on input line 91.
LaTeX Font Info:    Checking defaults for PD1/pdf/m/n on input line 91.
LaTeX Font Info:    ... okay on input line 91.
LaTeX Font Info:    Checking defaults for PU/pdf/m/n on input line 91.
LaTeX Font Info:    ... okay on input line 91.

(C:/Users/samet/AppData/Roaming/MiKTeX/tex/latex/translations/dicts/translation
s-basic-dictionary-english.trsl
File: translations-basic-dictionary-english.trsl (english translation file `tra
nslations-basic-dictionary')
)
Package translations Info: loading dictionary `translations-basic-dictionary' f
or `english'. on input line 91.

(C:/Users/samet/AppData/Roaming/MiKTeX/tex/latex/translations/dicts/translation
s-basic-dictionary-german.trsl
File: translations-basic-dictionary-german.trsl (german translation file `trans
lations-basic-dictionary')
)
Package translations Info: loading dictionary `translations-basic-dictionary' f
or `german'. on input line 91.

("C:/Program Files/MiKTeX/tex/context/base/mkii/supp-pdf.mkii"
[Loading MPS to PDF converter (version 2006.09.02).]
\scratchcounter=\count540
\scratchdimen=\dimen337
\scratchbox=\box138
\nofMPsegments=\count541
\nofMParguments=\count542
\everyMPshowfont=\toks57
\MPscratchCnt=\count543
\MPscratchDim=\dimen338
\MPnumerator=\count544
\makeMPintoPDFobject=\count545
\everyMPtoPDFconversion=\toks58
) ("C:/Program Files/MiKTeX/tex/latex/epstopdf-pkg/epstopdf-base.sty"
Package: epstopdf-base 2020-01-24 v2.11 Base part for package epstopdf
Package epstopdf-base Info: Redefining graphics rule for `.eps' on input line 4
85.

("C:/Program Files/MiKTeX/tex/latex/00miktex/epstopdf-sys.cfg"
File: epstopdf-sys.cfg 2021/03/18 v2.0 Configuration of epstopdf for MiKTeX
))
Package caption Info: Begin \AtBeginDocument code.
Package caption Info: changepage package is loaded.
\caption@adjustwidth@hsize=\dimen339
\caption@adjustwidth@linewidth=\dimen340
Package caption Info: hyperref package is loaded.
Package caption Info: listings package is loaded.
Package caption Info: scrextend package is loaded.
\caption@addmargin@hsize=\dimen341
\caption@addmargin@linewidth=\dimen342
Package caption Info: End \AtBeginDocument code.

*geometry* driver: auto-detecting
*geometry* detected driver: luatex
*geometry* verbose mode - [ preamble ] result:
* driver: luatex
* paper: a4paper
* layout: <same size as paper>
* layoutoffset:(h,v)=(0.0pt,0.0pt)
* modes: includemp twoside 
* h-part:(L,W,R)=(70.56284pt, 468.3323pt, 58.61273pt)
* v-part:(T,H,B)=(77.96053pt, 689.1258pt, 77.96053pt)
* \paperwidth=597.50787pt
* \paperheight=845.04684pt
* \textwidth=304.44447pt
* \textheight=689.1258pt
* \oddsidemargin=-1.70715pt
* \evensidemargin=150.23058pt
* \topmargin=-27.78326pt
* \headheight=13.6pt
* \headsep=19.8738pt
* \topskip=11.0pt
* \footskip=27.46295pt
* \marginparwidth=140.5566pt
* \marginparsep=23.33124pt
* \columnsep=10.0pt
* \skip\footins=10.0pt plus 4.0pt minus 2.0pt
* \hoffset=0.0pt
* \voffset=0.0pt
* \mag=1000
* \@twocolumnfalse
* \@twosidetrue
* \@mparswitchtrue
* \@reversemarginfalse
* (1in=72.27pt=25.4mm, 1cm=28.453pt)

Package scrbase Info: activating english \abbrevname on input line 91.
Package scrbase Info: activating english \byname on input line 91.
Package scrbase Info: activating english \acknowledgementname on input line 91.

Package scrbase Info: activating english \authorshipname on input line 91.
Package scrbase Info: activating english \constantsname on input line 91.
Package scrbase Info: activating english \symbolsname on input line 91.
LaTeX Info: Command `\dddot' is already robust on input line 91.
LaTeX Info: Command `\ddddot' is already robust on input line 91.
\Etoc@tf=\read6
LaTeX Info: Redefining \microtypecontext on input line 91.
Package microtype Info: Applying patch `item' on input line 91.
Package microtype Info: Applying patch `toc' on input line 91.
Package microtype Info: Applying patch `eqnum' on input line 91.

Package microtype Warning: Unable to apply patch `footnote' on input line 91.

Package microtype Info: Applying patch `verbatim' on input line 91.
Package microtype Info: Generating PDF output.
Package microtype Info: Character protrusion enabled (level 2).
Package microtype Info: Using default protrusion set `alltext'.
Package microtype Info: Automatic font expansion enabled (level 2),
(microtype)             stretch: 20, shrink: 20, step: 1, non-selected.
Package microtype Info: Using default expansion set `alltext-nott'.
LaTeX Info: Redefining \showhyphens on input line 91.
Package microtype Info: No adjustment of tracking.
Package microtype Info: No adjustment of spacing.
Package microtype Info: No adjustment of kerning.
Package microtype Info: Loading generic protrusion settings for font family
(microtype)             `Cochineal' (encoding: TU).
(microtype)             For optimal results, create family-specific settings.
(microtype)             See the microtype manual for details.
Package biblatex Info: Trying to load language 'english'...
Package biblatex Info: ... file 'english.lbx' found.
("C:/Program Files/MiKTeX/tex/latex/biblatex/lbx/english.lbx"
File: english.lbx 2023/03/05 v3.19 biblatex localization (PK/MW)
)
Package biblatex Info: Trying to load language 'ngerman'...
Package biblatex Info: ... file 'ngerman.lbx' found.

("C:/Program Files/MiKTeX/tex/latex/biblatex/lbx/ngerman.lbx"
File: ngerman.lbx 2023/03/05 v3.19 biblatex localization (PK/MW)
Package biblatex Info: Trying to load language 'german'...
Package biblatex Info: ... file 'german.lbx' found.

("C:/Program Files/MiKTeX/tex/latex/biblatex/lbx/german.lbx"
File: german.lbx 2023/03/05 v3.19 biblatex localization (PK/MW)
)
Package biblatex Info: Trying to load language 'german'...
Package biblatex Info: ... file 'german.lbx' found.

("C:/Program Files/MiKTeX/tex/latex/biblatex/lbx/german.lbx"
File: german.lbx 2023/03/05 v3.19 biblatex localization (PK/MW)
))
Package biblatex Info: Input encoding 'utf8' detected.
Package biblatex Info: Automatic encoding selection.
(biblatex)             Assuming data encoding 'utf8'.

\openout3 = main.bcf
Package biblatex Info: Trying to load bibliographic data...
Package biblatex Info: ... file 'main.bbl' found.
 (./main.bbl)
Package biblatex Info: Reference section=0 on input line 91.
Package biblatex Info: Reference segment=0 on input line 91.
Package hyperref Info: Link coloring ON on input line 91.

(./main.out) (./main.out)
\@outlinefile=\write5

\openout5 = main.out
\c@lstlisting=\count546
Package scrhack Info: undefining \float@addtolists on input line 91.
\@sidenotes@extrawidth=\skip111
Package cleveref Info: loaded `ngerman' language definitions on input line 93.

\openout2 = misc/titlepage.aux
 (./misc/titlepage.tex
*geometry* verbose mode - [ newgeometry ] result:
* driver: luatex
* paper: a4paper
* layout: <same size as paper>
* layoutoffset:(h,v)=(0.0pt,0.0pt)
* bindingoffset: 14.22636pt
* modes: twoside showframe 
* h-part:(L,W,R)=(113.81102pt, 355.65947pt, 113.81102pt)
* v-part:(T,H,B)=(71.13188pt, 702.78308pt, 71.13188pt)
* \paperwidth=597.50787pt
* \paperheight=845.04684pt
* \textwidth=355.65947pt
* \textheight=702.78308pt
* \oddsidemargin=55.7674pt
* \evensidemargin=41.54103pt
* \topmargin=-34.61191pt
* \headheight=13.6pt
* \headsep=19.8738pt
* \topskip=11.0pt
* \footskip=27.46295pt
* \marginparwidth=0.0pt
* \marginparsep=0.0pt
* \columnsep=10.0pt
* \skip\footins=10.0pt plus 4.0pt minus 2.0pt
* \hoffset=0.0pt
* \voffset=0.0pt
* \mag=1000
* \@twocolumnfalse
* \@twosidetrue
* \@mparswitchtrue
* \@reversemarginfalse
* (1in=72.27pt=25.4mm, 1cm=28.453pt)

<misc/UB_Logo_20mm_CMYK.pdf, id=146, 57.21375pt x 57.21375pt>
File: misc/UB_Logo_20mm_CMYK.pdf Graphic file (type pdf)
<use misc/UB_Logo_20mm_CMYK.pdf>
Package luatex.def Info: misc/UB_Logo_20mm_CMYK.pdf  used on input line 43.
(luatex.def)             Requested size: 99.58464pt x 99.58862pt.
Inserting `luaotfload.letterspace' in `pre_linebreak_filter'.
Inserting `luaotfload.letterspace' in `hpack_filter'.
LaTeX Font Info:    Trying to load font information for U+msa on input line 47.


("C:/Program Files/MiKTeX/tex/latex/amsfonts/umsa.fd"
File: umsa.fd 2013/01/14 v3.01 AMS symbols A
)
(C:/Users/samet/AppData/Roaming/MiKTeX/tex/latex/microtype/mt-msa.cfg
File: mt-msa.cfg 2006/02/04 v1.1 microtype config. file: AMS symbols (a) (RS)
)
LaTeX Font Info:    Trying to load font information for U+msb on input line 47.


("C:/Program Files/MiKTeX/tex/latex/amsfonts/umsb.fd"
File: umsb.fd 2013/01/14 v3.01 AMS symbols B
)
(C:/Users/samet/AppData/Roaming/MiKTeX/tex/latex/microtype/mt-msb.cfg
File: mt-msb.cfg 2005/06/01 v1.0 microtype config. file: AMS symbols (b) (RS)
)
LaTeX Font Info:    Trying to load font information for U+ntxmia on input line 
47.

(C:/Users/samet/AppData/Roaming/MiKTeX/tex/latex/newtx/untxmia.fd
File: untxmia.fd 2018/04/14 Fontinst v1.933 font definitions for U/ntxmia.
)
LaTeX Font Info:    Trying to load font information for U+ntxsym on input line 
47.

(C:/Users/samet/AppData/Roaming/MiKTeX/tex/latex/newtx/untxsym.fd
File: untxsym.fd 2015/03/20 Fontinst v1.933 font definitions for U/ntxsym.
)
LaTeX Font Info:    Trying to load font information for U+ntxsyc on input line 
47.

(C:/Users/samet/AppData/Roaming/MiKTeX/tex/latex/newtx/untxsyc.fd
File: untxsyc.fd 2012/04/12 Fontinst v1.933 font definitions for U/ntxsyc.
) [1







{C:/Users/samet/AppData/Local/MiKTeX/fonts/map/pdftex/pdftex.map}<./misc/UB_Logo
_20mm_CMYK.pdf>]) [2





]
(C:/Users/samet/AppData/Roaming/MiKTeX/tex/latex/cochineal/Cochineal.fontspec)
(C:/Users/samet/AppData/Roaming/MiKTeX/tex/latex/cochineal/Cochineal.fontspec)
(C:/Users/samet/AppData/Roaming/MiKTeX/tex/latex/cochineal/Cochineal.fontspec)

Package fontspec Info: Font family 'Cochineal(1)' created for font 'Cochineal'
(fontspec)             with options
(fontspec)             [Ligatures=TeX,Numbers={Proportional,OldStyle},Style=Swa
sh,Numbers={Tabular,Lining}].
(fontspec)              
(fontspec)              This font family consists of the following NFSS
(fontspec)             series/shapes:
(fontspec)              
(fontspec)             - 'normal' (m/n) with NFSS spec.:
(fontspec)             <->"Cochineal:mode=node;script=latn;language=dflt;+tlig;
+swsh;+tnum;+lnum;"
(fontspec)             - 'small caps'  (m/sc) with NFSS spec.:
(fontspec)             <->"Cochineal:mode=node;script=latn;language=dflt;+tlig;
+swsh;+tnum;+lnum;+smcp;"
(fontspec)             - 'bold' (b/n) with NFSS spec.:
(fontspec)             <->"Cochineal/B:mode=node;script=latn;language=dflt;+tli
g;+swsh;+tnum;+lnum;"
(fontspec)             - 'bold small caps'  (b/sc) with NFSS spec.:
(fontspec)             <->"Cochineal/B:mode=node;script=latn;language=dflt;+tli
g;+swsh;+tnum;+lnum;+smcp;"
(fontspec)             - 'italic' (m/it) with NFSS spec.:
(fontspec)             <->"Cochineal/I:mode=node;script=latn;language=dflt;+tli
g;+swsh;+tnum;+lnum;"
(fontspec)             - 'italic small caps'  (m/scit) with NFSS spec.:
(fontspec)             <->"Cochineal/I:mode=node;script=latn;language=dflt;+tli
g;+swsh;+tnum;+lnum;+smcp;"
(fontspec)             - 'bold italic' (b/it) with NFSS spec.:
(fontspec)             <->"Cochineal/BI:mode=node;script=latn;language=dflt;+tl
ig;+swsh;+tnum;+lnum;"
(fontspec)             - 'bold italic small caps'  (b/scit) with NFSS spec.:
(fontspec)             <->"Cochineal/BI:mode=node;script=latn;language=dflt;+tl
ig;+swsh;+tnum;+lnum;+smcp;"


(C:/Users/samet/AppData/Roaming/MiKTeX/tex/latex/cochineal/Cochineal.fontspec)
(C:/Users/samet/AppData/Roaming/MiKTeX/tex/latex/cochineal/Cochineal.fontspec)
(C:/Users/samet/AppData/Roaming/MiKTeX/tex/latex/cochineal/Cochineal.fontspec)

Package fontspec Info: Font family 'Cochineal(2)' created for font 'Cochineal'
(fontspec)             with options
(fontspec)             [Ligatures=TeX,Numbers={Proportional,OldStyle},Style=Swa
sh,Numbers={Tabular,Lining},Numbers={Tabular,Lining}].
(fontspec)              
(fontspec)              This font family consists of the following NFSS
(fontspec)             series/shapes:
(fontspec)              
(fontspec)             - 'normal' (m/n) with NFSS spec.:
(fontspec)             <->"Cochineal:mode=node;script=latn;language=dflt;+tlig;
+swsh;+tnum;+lnum;"
(fontspec)             - 'small caps'  (m/sc) with NFSS spec.:
(fontspec)             <->"Cochineal:mode=node;script=latn;language=dflt;+tlig;
+swsh;+tnum;+lnum;+smcp;"
(fontspec)             - 'bold' (b/n) with NFSS spec.:
(fontspec)             <->"Cochineal/B:mode=node;script=latn;language=dflt;+tli
g;+swsh;+tnum;+lnum;"
(fontspec)             - 'bold small caps'  (b/sc) with NFSS spec.:
(fontspec)             <->"Cochineal/B:mode=node;script=latn;language=dflt;+tli
g;+swsh;+tnum;+lnum;+smcp;"
(fontspec)             - 'italic' (m/it) with NFSS spec.:
(fontspec)             <->"Cochineal/I:mode=node;script=latn;language=dflt;+tli
g;+swsh;+tnum;+lnum;"
(fontspec)             - 'italic small caps'  (m/scit) with NFSS spec.:
(fontspec)             <->"Cochineal/I:mode=node;script=latn;language=dflt;+tli
g;+swsh;+tnum;+lnum;+smcp;"
(fontspec)             - 'bold italic' (b/it) with NFSS spec.:
(fontspec)             <->"Cochineal/BI:mode=node;script=latn;language=dflt;+tl
ig;+swsh;+tnum;+lnum;"
(fontspec)             - 'bold italic small caps'  (b/scit) with NFSS spec.:
(fontspec)             <->"Cochineal/BI:mode=node;script=latn;language=dflt;+tl
ig;+swsh;+tnum;+lnum;+smcp;"

LaTeX Font Info:    Font shape `TU/Cochineal(0)/m/sl' in size <10.95> not avail
able
(Font)              Font shape `TU/Cochineal(0)/m/it' tried instead on input li
ne 143.

Overfull \hbox (163.88783pt too wide) has occurred while \output is active
[][] 
 []

[3] [4


]
*geometry* verbose mode - [ newgeometry ] result:
* driver: luatex
* paper: a4paper
* layout: <same size as paper>
* layoutoffset:(h,v)=(0.0pt,0.0pt)
* modes: twoside 
* h-part:(L,W,R)=(70.56284pt, 456.3822pt, 70.56284pt)
* v-part:(T,H,B)=(77.96053pt, 689.1258pt, 77.96053pt)
* \paperwidth=597.50787pt
* \paperheight=845.04684pt
* \textwidth=456.3822pt
* \textheight=689.1258pt
* \oddsidemargin=-1.70715pt
* \evensidemargin=-1.70715pt
* \topmargin=-27.78326pt
* \headheight=13.6pt
* \headsep=19.8738pt
* \topskip=11.0pt
* \footskip=27.46295pt
* \marginparwidth=0.0pt
* \marginparsep=0.0pt
* \columnsep=10.0pt
* \skip\footins=10.0pt plus 4.0pt minus 2.0pt
* \hoffset=0.0pt
* \voffset=0.0pt
* \mag=1000
* \@twocolumnfalse
* \@twosidetrue
* \@mparswitchtrue
* \@reversemarginfalse
* (1in=72.27pt=25.4mm, 1cm=28.453pt)

\tf@toc=\write6

\openout6 = main.toc

(C:/Users/samet/AppData/Roaming/MiKTeX/tex/latex/cochineal/Cochineal.fontspec)
(C:/Users/samet/AppData/Roaming/MiKTeX/tex/latex/cochineal/Cochineal.fontspec)
Package cleveref Info: loaded `ngerman' language definitions on input line 157.


Overfull \hbox (11.9501pt too wide) has occurred while \output is active
[][] 
 []

[5



]
Overfull \hbox (11.9501pt too wide) has occurred while \output is active
[][] 
 []

[6] (./chapters/abbreviations.tex
(C:/Users/samet/AppData/Roaming/MiKTeX/tex/latex/cochineal/Cochineal.fontspec)
(C:/Users/samet/AppData/Roaming/MiKTeX/tex/latex/cochineal/Cochineal.fontspec)

Package enumitem Warning: Negative labelwidth. This does not make much
(enumitem)                sense, on input line 3.

) (./chapters/introduction.tex
Overfull \hbox (163.88783pt too wide) has occurred while \output is active
[][] 
 []

[1





] [2


]
Kapitel 1.
(C:/Users/samet/AppData/Roaming/MiKTeX/tex/latex/cochineal/Cochineal.fontspec)
(C:/Users/samet/AppData/Roaming/MiKTeX/tex/latex/cochineal/Cochineal.fontspec)
Overfull \hbox (14.55125pt too wide) in paragraph at lines 1--1
|[][]| 
 []

(C:/Users/samet/AppData/Roaming/MiKTeX/tex/latex/cochineal/Cochineal.fontspec)
Package acronym Info: Label `acro:acro' newly defined as it shall be overridden

although it is yet undefined on input line 11.

(C:/Users/samet/AppData/Roaming/MiKTeX/tex/latex/cochineal/Cochineal.fontspec)
Overfull \hbox (163.88783pt too wide) has occurred while \output is active
[][] 
 []

[3]
(C:/Users/samet/AppData/Roaming/MiKTeX/tex/latex/cochineal/Cochineal.fontspec)) (./chapters/related_work.tex
Package cleveref Info: loaded `ngerman' language definitions on input line 1.
 [4]
Kapitel 2.
(C:/Users/samet/AppData/Roaming/MiKTeX/tex/latex/cochineal/Cochineal.fontspec)
(C:/Users/samet/AppData/Roaming/MiKTeX/tex/latex/cochineal/Cochineal.fontspec)
Overfull \hbox (14.55125pt too wide) in paragraph at lines 1--1
|[][]| 
 []

) (./chapters/background.tex
Overfull \hbox (163.88783pt too wide) has occurred while \output is active
[][] 
 []

[5


] [6


]
Kapitel 3.
(C:/Users/samet/AppData/Roaming/MiKTeX/tex/latex/cochineal/Cochineal.fontspec)
(C:/Users/samet/AppData/Roaming/MiKTeX/tex/latex/cochineal/Cochineal.fontspec)
Overfull \hbox (14.55125pt too wide) in paragraph at lines 1--1
|[][]| 
 []

(C:/Users/samet/AppData/Roaming/MiKTeX/tex/latex/cochineal/Cochineal.fontspec)
(C:/Users/samet/AppData/Roaming/MiKTeX/tex/latex/cochineal/Cochineal.fontspec)
(C:/Users/samet/AppData/Roaming/MiKTeX/tex/latex/cochineal/Cochineal.fontspec)
(C:/Users/samet/AppData/Roaming/MiKTeX/tex/latex/cochineal/Cochineal.fontspec)
(C:/Users/samet/AppData/Roaming/MiKTeX/tex/latex/cochineal/Cochineal.fontspec)) (./chapters/concept.tex
Overfull \hbox (163.88783pt too wide) has occurred while \output is active
[][] 
 []

[7] [8


]
Kapitel 4.
(C:/Users/samet/AppData/Roaming/MiKTeX/tex/latex/cochineal/Cochineal.fontspec)
(C:/Users/samet/AppData/Roaming/MiKTeX/tex/latex/cochineal/Cochineal.fontspec)
Overfull \hbox (14.55125pt too wide) in paragraph at lines 1--1
|[][]| 
 []

(C:/Users/samet/AppData/Roaming/MiKTeX/tex/latex/cochineal/Cochineal.fontspec)
(C:/Users/samet/AppData/Roaming/MiKTeX/tex/latex/cochineal/Cochineal.fontspec)
(C:/Users/samet/AppData/Roaming/MiKTeX/tex/latex/cochineal/Cochineal.fontspec)) (./chapters/requirements.tex
Overfull \hbox (163.88783pt too wide) has occurred while \output is active
[][] 
 []

[9] [10


]
Kapitel 5.
(C:/Users/samet/AppData/Roaming/MiKTeX/tex/latex/cochineal/Cochineal.fontspec)
(C:/Users/samet/AppData/Roaming/MiKTeX/tex/latex/cochineal/Cochineal.fontspec)
Overfull \hbox (14.55125pt too wide) in paragraph at lines 1--1
|[][]| 
 []

(C:/Users/samet/AppData/Roaming/MiKTeX/tex/latex/cochineal/Cochineal.fontspec)
(C:/Users/samet/AppData/Roaming/MiKTeX/tex/latex/cochineal/Cochineal.fontspec)
(C:/Users/samet/AppData/Roaming/MiKTeX/tex/latex/cochineal/Cochineal.fontspec)
(C:/Users/samet/AppData/Roaming/MiKTeX/tex/latex/cochineal/Cochineal.fontspec)
(C:/Users/samet/AppData/Roaming/MiKTeX/tex/latex/cochineal/Cochineal.fontspec)
(C:/Users/samet/AppData/Roaming/MiKTeX/tex/latex/cochineal/Cochineal.fontspec)
(C:/Users/samet/AppData/Roaming/MiKTeX/tex/latex/cochineal/Cochineal.fontspec)) (./chapters/implementation.tex
Overfull \hbox (163.88783pt too wide) has occurred while \output is active
[][] 
 []

[11] [12


]
Kapitel 6.
(C:/Users/samet/AppData/Roaming/MiKTeX/tex/latex/cochineal/Cochineal.fontspec)
(C:/Users/samet/AppData/Roaming/MiKTeX/tex/latex/cochineal/Cochineal.fontspec)
Overfull \hbox (14.55125pt too wide) in paragraph at lines 1--1
|[][]| 
 []

(C:/Users/samet/AppData/Roaming/MiKTeX/tex/latex/cochineal/Cochineal.fontspec)
(C:/Users/samet/AppData/Roaming/MiKTeX/tex/latex/cochineal/Cochineal.fontspec)
(C:/Users/samet/AppData/Roaming/MiKTeX/tex/latex/cochineal/Cochineal.fontspec)) (./chapters/discussion.tex
Overfull \hbox (163.88783pt too wide) has occurred while \output is active
[][] 
 []

[13] [14


]
Kapitel 7.
(C:/Users/samet/AppData/Roaming/MiKTeX/tex/latex/cochineal/Cochineal.fontspec)
(C:/Users/samet/AppData/Roaming/MiKTeX/tex/latex/cochineal/Cochineal.fontspec)
Overfull \hbox (14.55125pt too wide) in paragraph at lines 1--1
|[][]| 
 []

(C:/Users/samet/AppData/Roaming/MiKTeX/tex/latex/cochineal/Cochineal.fontspec)
(C:/Users/samet/AppData/Roaming/MiKTeX/tex/latex/cochineal/Cochineal.fontspec)
(C:/Users/samet/AppData/Roaming/MiKTeX/tex/latex/cochineal/Cochineal.fontspec)) (./chapters/conclusion.tex
Overfull \hbox (163.88783pt too wide) has occurred while \output is active
[][] 
 []

[15] [16


]
Kapitel 8.
(C:/Users/samet/AppData/Roaming/MiKTeX/tex/latex/cochineal/Cochineal.fontspec)
(C:/Users/samet/AppData/Roaming/MiKTeX/tex/latex/cochineal/Cochineal.fontspec)
Overfull \hbox (14.55125pt too wide) in paragraph at lines 1--1
|[][]| 
 []

)
Overfull \hbox (163.88783pt too wide) has occurred while \output is active
[][] 
 []

[17]
*geometry* verbose mode - [ newgeometry ] result:
* driver: luatex
* paper: a4paper
* layout: <same size as paper>
* layoutoffset:(h,v)=(0.0pt,0.0pt)
* bindingoffset: 14.22636pt
* modes: includehead includefoot twoside 
* h-part:(L,W,R)=(56.9055pt, 469.4705pt, 56.9055pt)
* v-part:(T,H,B)=(42.67912pt, 731.23584pt, 71.13188pt)
* \paperwidth=597.50787pt
* \paperheight=845.04684pt
* \textwidth=469.4705pt
* \textheight=670.29909pt
* \oddsidemargin=-1.13812pt
* \evensidemargin=-15.36449pt
* \topmargin=-29.59087pt
* \headheight=13.6pt
* \headsep=19.8738pt
* \topskip=11.0pt
* \footskip=27.46295pt
* \marginparwidth=0.0pt
* \marginparsep=0.0pt
* \columnsep=10.0pt
* \skip\footins=10.0pt plus 4.0pt minus 2.0pt
* \hoffset=0.0pt
* \voffset=0.0pt
* \mag=1000
* \@twocolumnfalse
* \@twosidetrue
* \@mparswitchtrue
* \@reversemarginfalse
* (1in=72.27pt=25.4mm, 1cm=28.453pt)

 [18



]
(C:/Users/samet/AppData/Roaming/MiKTeX/tex/latex/cochineal/Cochineal.fontspec)
(C:/Users/samet/AppData/Roaming/MiKTeX/tex/latex/cochineal/Cochineal.fontspec)

LaTeX Warning: Empty bibliography on input line 246.

[19] [20


]
(C:/Users/samet/AppData/Roaming/MiKTeX/tex/latex/cochineal/Cochineal.fontspec)
(C:/Users/samet/AppData/Roaming/MiKTeX/tex/latex/cochineal/Cochineal.fontspec)
(C:/Users/samet/AppData/Roaming/MiKTeX/tex/latex/cochineal/Cochineal.fontspec)
(C:/Users/samet/AppData/Roaming/MiKTeX/tex/latex/cochineal/Cochineal.fontspec)
[21] (./main.aux (./misc/titlepage.aux)
Package cleveref Info: loaded `ngerman' language definitions on input line 25.
)
 ***********
LaTeX2e <2023-06-01> patch level 1
L3 programming layer <2020/03/25>
 ***********
Package rerunfilecheck Info: File `main.out' has not changed.
(rerunfilecheck)             Checksum: 84537487E2B7B99E1E554F9044EC6539;6590.
Package logreq Info: Writing requests to 'main.run.xml'.

\openout1 = main.run.xml
)

Here is how much of LuaTeX's memory you used:
 54887 strings out of 478031
 125056,2373549 words of node,token memory allocated
 839 words of node memory still in use:
   9 hlist, 2 vlist, 2 rule, 1 local_par, 8 glue, 4 kern, 1 penalty, 3 glyph, 18
 attribute, 96 glue_spec, 11 attribute_list, 2 write, 1 pdf_action nodes
   avail lists: 1:14,2:1425,3:233,4:162,5:615,6:135,7:5231,8:4,9:507,10:11,11:53
1
 73557 multiletter control sequences out of 65536+600000
 274 fonts using 35938327 bytes
 108i,18n,118p,1228b,3142s stack positions out of 10000i,1000n,20000p,200000b,200000s
<C:/Users/samet/AppData/Roaming/MiKTeX/fonts/opentype/public/cochineal/cochineal
-italic.otf><C:/Users/samet/AppData/Roaming/MiKTeX/fonts/opentype/public/cochine
al/cochineal-bold.otf><C:/Users/samet/AppData/Roaming/MiKTeX/fonts/opentype/publ
ic/cochineal/cochineal-roman.otf>
Output written on main.pdf (27 pages, 194704 bytes).

PDF statistics: 342 PDF objects out of 1000 (max. 8388607)
 68 named destinations out of 1000 (max. 131072)
 296 words of extra memory for PDF output out of 10000 (max. 100000000)

